[debug] [2020-09-28T18:34:30.852Z] ----------------------------------------------------------------------
[debug] [2020-09-28T18:34:30.855Z] Command:       C:\Program Files\nodejs\node.exe C:\Users\Aagam Shah\AppData\Roaming\npm\node_modules\firebase-tools\lib\bin\firebase.js deploy --only functions
[debug] [2020-09-28T18:34:30.856Z] CLI Version:   8.11.2
[debug] [2020-09-28T18:34:30.856Z] Platform:      win32
[debug] [2020-09-28T18:34:30.856Z] Node Version:  v12.18.4
[debug] [2020-09-28T18:34:30.857Z] Time:          Tue Sep 29 2020 00:04:30 GMT+0530 (India Standard Time)
[debug] [2020-09-28T18:34:30.857Z] ----------------------------------------------------------------------
[debug] [2020-09-28T18:34:30.858Z] 
[debug] [2020-09-28T18:34:30.867Z] > command requires scopes: ["email","openid","https://www.googleapis.com/auth/cloudplatformprojects.readonly","https://www.googleapis.com/auth/firebase","https://www.googleapis.com/auth/cloud-platform"]
[debug] [2020-09-28T18:34:30.868Z] > authorizing via signed-in user
[debug] [2020-09-28T18:34:30.868Z] [iam] checking project courseswapbphc for permissions ["cloudfunctions.functions.create","cloudfunctions.functions.delete","cloudfunctions.functions.get","cloudfunctions.functions.list","cloudfunctions.functions.update","cloudfunctions.operations.get","firebase.projects.get"]
[debug] [2020-09-28T18:34:30.871Z] >>> HTTP REQUEST POST https://cloudresourcemanager.googleapis.com/v1/projects/courseswapbphc:testIamPermissions  
 {"permissions":["cloudfunctions.functions.create","cloudfunctions.functions.delete","cloudfunctions.functions.get","cloudfunctions.functions.list","cloudfunctions.functions.update","cloudfunctions.operations.get","firebase.projects.get"]}
[debug] [2020-09-28T18:34:32.385Z] <<< HTTP RESPONSE 200 {"content-type":"application/json; charset=UTF-8","vary":"X-Origin, Referer, Origin,Accept-Encoding","date":"Mon, 28 Sep 2020 18:34:31 GMT","server":"ESF","cache-control":"private","x-xss-protection":"0","x-frame-options":"SAMEORIGIN","x-content-type-options":"nosniff","server-timing":"gfet4t7; dur=1359","alt-svc":"h3-Q050=\":443\"; ma=2592000,h3-29=\":443\"; ma=2592000,h3-27=\":443\"; ma=2592000,h3-T051=\":443\"; ma=2592000,h3-T050=\":443\"; ma=2592000,h3-Q046=\":443\"; ma=2592000,h3-Q043=\":443\"; ma=2592000,quic=\":443\"; ma=2592000; v=\"46,43\"","accept-ranges":"none","transfer-encoding":"chunked"}
[debug] [2020-09-28T18:34:32.386Z] >>> HTTP REQUEST POST https://iam.googleapis.com/v1/projects/courseswapbphc/serviceAccounts/courseswapbphc@appspot.gserviceaccount.com:testIamPermissions  
 {"permissions":["iam.serviceAccounts.actAs"]}
[debug] [2020-09-28T18:34:34.145Z] <<< HTTP RESPONSE 200 {"content-type":"application/json; charset=UTF-8","vary":"X-Origin, Referer, Origin,Accept-Encoding","date":"Mon, 28 Sep 2020 18:34:33 GMT","server":"ESF","cache-control":"private","x-xss-protection":"0","x-frame-options":"SAMEORIGIN","x-content-type-options":"nosniff","alt-svc":"h3-Q050=\":443\"; ma=2592000,h3-29=\":443\"; ma=2592000,h3-27=\":443\"; ma=2592000,h3-T051=\":443\"; ma=2592000,h3-T050=\":443\"; ma=2592000,h3-Q046=\":443\"; ma=2592000,h3-Q043=\":443\"; ma=2592000,quic=\":443\"; ma=2592000; v=\"46,43\"","accept-ranges":"none","transfer-encoding":"chunked"}
[info] 
[info] === Deploying to 'courseswapbphc'...
[info] 
[info] i  deploying functions 
[debug] [2020-09-28T18:34:38.024Z] > [functions] package.json contents: {
  "name": "functions",
  "description": "Cloud Functions for Firebase",
  "scripts": {
    "serve": "firebase emulators:start --only functions",
    "shell": "firebase functions:shell",
    "start": "npm run shell",
    "deploy": "firebase deploy --only functions",
    "logs": "firebase functions:log"
  },
  "engines": {
    "node": "8"
  },
  "main": "index.js",
  "dependencies": {
    "firebase-admin": "^8.10.0",
    "firebase-functions": "^3.6.1",
    "request": "^2.88.2",
    "request-promise": "^4.2.6"
  },
  "devDependencies": {
    "firebase-functions-test": "^0.2.0"
  },
  "private": true
}
[info] i  functions: ensuring required API cloudfunctions.googleapis.com is enabled... 
[warn] 
[warn] !  functions: The Node.js 8 runtime is deprecated and will be decommissioned on 2021-03-15. For more information, see: https://firebase.google.com/support/faq#functions-runtime 
[warn] 
[debug] [2020-09-28T18:34:40.430Z] >>> HTTP REQUEST GET https://serviceusage.googleapis.com/v1/projects/courseswapbphc/services/cloudfunctions.googleapis.com  
 
[debug] [2020-09-28T18:34:40.431Z] >>> HTTP REQUEST GET https://serviceusage.googleapis.com/v1/projects/courseswapbphc/services/runtimeconfig.googleapis.com  
 
[debug] [2020-09-28T18:34:42.280Z] <<< HTTP RESPONSE 200 {"content-type":"application/json; charset=UTF-8","vary":"X-Origin, Referer, Origin,Accept-Encoding","date":"Mon, 28 Sep 2020 18:34:41 GMT","server":"ESF","cache-control":"private","x-xss-protection":"0","x-frame-options":"SAMEORIGIN","x-content-type-options":"nosniff","alt-svc":"h3-Q050=\":443\"; ma=2592000,h3-29=\":443\"; ma=2592000,h3-27=\":443\"; ma=2592000,h3-T051=\":443\"; ma=2592000,h3-T050=\":443\"; ma=2592000,h3-Q046=\":443\"; ma=2592000,h3-Q043=\":443\"; ma=2592000,quic=\":443\"; ma=2592000; v=\"46,43\"","accept-ranges":"none","transfer-encoding":"chunked"}
[debug] [2020-09-28T18:34:42.391Z] <<< HTTP RESPONSE 200 {"content-type":"application/json; charset=UTF-8","vary":"X-Origin, Referer, Origin,Accept-Encoding","date":"Mon, 28 Sep 2020 18:34:41 GMT","server":"ESF","cache-control":"private","x-xss-protection":"0","x-frame-options":"SAMEORIGIN","x-content-type-options":"nosniff","alt-svc":"h3-Q050=\":443\"; ma=2592000,h3-29=\":443\"; ma=2592000,h3-27=\":443\"; ma=2592000,h3-T051=\":443\"; ma=2592000,h3-T050=\":443\"; ma=2592000,h3-Q046=\":443\"; ma=2592000,h3-Q043=\":443\"; ma=2592000,quic=\":443\"; ma=2592000; v=\"46,43\"","accept-ranges":"none","transfer-encoding":"chunked"}
[info] +  functions: required API cloudfunctions.googleapis.com is enabled 
[debug] [2020-09-28T18:34:42.393Z] >>> HTTP REQUEST GET https://firebase.googleapis.com/v1beta1/projects/courseswapbphc/adminSdkConfig  
 
[debug] [2020-09-28T18:34:43.352Z] <<< HTTP RESPONSE 200 {"content-type":"application/json; charset=UTF-8","vary":"X-Origin, Referer, Origin,Accept-Encoding","date":"Mon, 28 Sep 2020 18:34:42 GMT","server":"ESF","cache-control":"private","x-xss-protection":"0","x-frame-options":"SAMEORIGIN","x-content-type-options":"nosniff","alt-svc":"h3-Q050=\":443\"; ma=2592000,h3-29=\":443\"; ma=2592000,h3-27=\":443\"; ma=2592000,h3-T051=\":443\"; ma=2592000,h3-T050=\":443\"; ma=2592000,h3-Q046=\":443\"; ma=2592000,h3-Q043=\":443\"; ma=2592000,quic=\":443\"; ma=2592000; v=\"46,43\"","accept-ranges":"none","transfer-encoding":"chunked"}
[info] i  functions: preparing functions directory for uploading... 
[debug] [2020-09-28T18:34:43.354Z] >>> HTTP REQUEST GET https://runtimeconfig.googleapis.com/v1beta1/projects/courseswapbphc/configs  
 
[debug] [2020-09-28T18:34:43.891Z] <<< HTTP RESPONSE 200 {"content-type":"application/json; charset=UTF-8","vary":"X-Origin, Referer, Origin,Accept-Encoding","date":"Mon, 28 Sep 2020 18:34:43 GMT","server":"ESF","cache-control":"private","x-xss-protection":"0","x-frame-options":"SAMEORIGIN","x-content-type-options":"nosniff","alt-svc":"h3-Q050=\":443\"; ma=2592000,h3-29=\":443\"; ma=2592000,h3-27=\":443\"; ma=2592000,h3-T051=\":443\"; ma=2592000,h3-T050=\":443\"; ma=2592000,h3-Q046=\":443\"; ma=2592000,h3-Q043=\":443\"; ma=2592000,quic=\":443\"; ma=2592000; v=\"46,43\"","accept-ranges":"none","transfer-encoding":"chunked"}
[info] i  functions: packaged functions (31.82 KB) for uploading 
[debug] [2020-09-28T18:34:44.556Z] >>> HTTP REQUEST GET https://cloudfunctions.googleapis.com/v1/projects/courseswapbphc/locations/-/functions  
 
[debug] [2020-09-28T18:34:45.382Z] <<< HTTP RESPONSE 200 {"content-type":"application/json; charset=UTF-8","vary":"X-Origin, Referer, Origin,Accept-Encoding","date":"Mon, 28 Sep 2020 18:34:44 GMT","server":"ESF","cache-control":"private","x-xss-protection":"0","x-frame-options":"SAMEORIGIN","x-content-type-options":"nosniff","alt-svc":"h3-Q050=\":443\"; ma=2592000,h3-29=\":443\"; ma=2592000,h3-27=\":443\"; ma=2592000,h3-T051=\":443\"; ma=2592000,h3-T050=\":443\"; ma=2592000,h3-Q046=\":443\"; ma=2592000,h3-Q043=\":443\"; ma=2592000,quic=\":443\"; ma=2592000; v=\"46,43\"","accept-ranges":"none","transfer-encoding":"chunked"}
[debug] [2020-09-28T18:34:45.384Z] >>> HTTP REQUEST POST https://cloudfunctions.googleapis.com/v1/projects/courseswapbphc/locations/us-central1/functions:generateUploadUrl  
 
[debug] [2020-09-28T18:34:47.164Z] <<< HTTP RESPONSE 200 {"content-type":"application/json; charset=UTF-8","vary":"X-Origin, Referer, Origin,Accept-Encoding","date":"Mon, 28 Sep 2020 18:34:46 GMT","server":"ESF","cache-control":"private","x-xss-protection":"0","x-frame-options":"SAMEORIGIN","x-content-type-options":"nosniff","alt-svc":"h3-Q050=\":443\"; ma=2592000,h3-29=\":443\"; ma=2592000,h3-27=\":443\"; ma=2592000,h3-T051=\":443\"; ma=2592000,h3-T050=\":443\"; ma=2592000,h3-Q046=\":443\"; ma=2592000,h3-Q043=\":443\"; ma=2592000,quic=\":443\"; ma=2592000; v=\"46,43\"","accept-ranges":"none","transfer-encoding":"chunked"}
[debug] [2020-09-28T18:34:47.165Z] >>> HTTP REQUEST PUT https://storage.googleapis.com/gcf-upload-us-central1-03606433-8380-4817-a6fa-155626ec1849/e1c7b20a-dfca-40ce-b717-123635a87d1a.zip?GoogleAccessId=service-709459786571@gcf-admin-robot.iam.gserviceaccount.com&Expires=1601319886&Signature=AL%2B6Q%2B70vg8xpVqt3T1iWFqmDugBWCQSa7QWBvuHonQk%2FWLIWObLCxCuZO7a6hMVIzHiao0pgQJ2tEsiAaQVeIhiQyAOrE0FznsLi1GE3j8qgGwa4Sejz0jXdyizX9r2ZWbJXxbxBxvFAZbjA5kX1jkb1totyN58IP8dYy5BaA6d1E50bVXe%2BPflEahvXjrwyE2cjOAQsB39huVA5b0J8ng6K2BZYaTWqSyUI33U75%2Ba3LR31J1jIpCDTxr7s9%2FORqtOk%2BC926%2B%2FYVNRy1FnWhklWUeLFiKcW1oEaZhpbLnXpponhxJu46C2mBrhnMjctKMli9zIV3G78uo%2FpcTQvw%3D%3D  
 <request body omitted>
[debug] [2020-09-28T18:34:48.293Z] <<< HTTP RESPONSE 200 {"x-guploader-uploadid":"ABg5-UyyJPJwpM8NpxA0KNETi0Mn56bWGItLNQm6xq04-2icsgMEwJZmtjWUGcXEd84jblJpYDXtWf-qD8eTSw00iuk","etag":"\"ec475636294adc8d72b0edd5ae61ca3c\"","x-goog-generation":"1601318087718895","x-goog-metageneration":"1","x-goog-hash":"crc32c=3+ct0g==, md5=7EdWNilK3I1ysO3VrmHKPA==","x-goog-stored-content-length":"32582","x-goog-stored-content-encoding":"identity","vary":"Origin","content-length":"0","date":"Mon, 28 Sep 2020 18:34:47 GMT","server":"UploadServer","content-type":"text/html; charset=UTF-8","alt-svc":"h3-Q050=\":443\"; ma=2592000,h3-29=\":443\"; ma=2592000,h3-27=\":443\"; ma=2592000,h3-T051=\":443\"; ma=2592000,h3-T050=\":443\"; ma=2592000,h3-Q046=\":443\"; ma=2592000,h3-Q043=\":443\"; ma=2592000,quic=\":443\"; ma=2592000; v=\"46,43\""}
[info] +  functions: functions folder uploaded successfully 
[info] i  functions: updating Node.js 8 (Deprecated) function findMatchAndNotifyUser(us-central1)... 
[debug] [2020-09-28T18:34:48.297Z] Trigger is:  {"eventTrigger":{"resource":"projects/courseswapbphc/databases/(default)/documents/users/{userId}/swap/{courseId}","eventType":"providers/cloud.firestore/eventTypes/document.create","service":"firestore.googleapis.com"}}
[debug] [2020-09-28T18:34:48.299Z] >>> HTTP REQUEST PATCH https://cloudfunctions.googleapis.com/v1/projects/courseswapbphc/locations/us-central1/functions/findMatchAndNotifyUser {"updateMask":"sourceUploadUrl,name,labels,runtime,environmentVariables,eventTrigger.resource,eventTrigger.eventType,eventTrigger.service,eventTrigger.failurePolicy"} 
 {"sourceUploadUrl":"https://storage.googleapis.com/gcf-upload-us-central1-03606433-8380-4817-a6fa-155626ec1849/e1c7b20a-dfca-40ce-b717-123635a87d1a.zip?GoogleAccessId=service-709459786571@gcf-admin-robot.iam.gserviceaccount.com&Expires=1601319886&Signature=AL%2B6Q%2B70vg8xpVqt3T1iWFqmDugBWCQSa7QWBvuHonQk%2FWLIWObLCxCuZO7a6hMVIzHiao0pgQJ2tEsiAaQVeIhiQyAOrE0FznsLi1GE3j8qgGwa4Sejz0jXdyizX9r2ZWbJXxbxBxvFAZbjA5kX1jkb1totyN58IP8dYy5BaA6d1E50bVXe%2BPflEahvXjrwyE2cjOAQsB39huVA5b0J8ng6K2BZYaTWqSyUI33U75%2Ba3LR31J1jIpCDTxr7s9%2FORqtOk%2BC926%2B%2FYVNRy1FnWhklWUeLFiKcW1oEaZhpbLnXpponhxJu46C2mBrhnMjctKMli9zIV3G78uo%2FpcTQvw%3D%3D","name":"projects/courseswapbphc/locations/us-central1/functions/findMatchAndNotifyUser","labels":{"deployment-tool":"cli-firebase"},"eventTrigger":{"resource":"projects/courseswapbphc/databases/(default)/documents/users/{userId}/swap/{courseId}","eventType":"providers/cloud.firestore/eventTypes/document.create","service":"firestore.googleapis.com"},"runtime":"nodejs8","environmentVariables":{"FIREBASE_CONFIG":"{\"projectId\":\"courseswapbphc\",\"databaseURL\":\"https://courseswapbphc.firebaseio.com\",\"storageBucket\":\"courseswapbphc.appspot.com\",\"locationId\":\"asia-south1\"}"}}
[debug] [2020-09-28T18:34:49.269Z] <<< HTTP RESPONSE 200 {"content-type":"application/json; charset=UTF-8","vary":"X-Origin, Referer, Origin,Accept-Encoding","date":"Mon, 28 Sep 2020 18:34:48 GMT","server":"ESF","cache-control":"private","x-xss-protection":"0","x-frame-options":"SAMEORIGIN","x-content-type-options":"nosniff","alt-svc":"h3-Q050=\":443\"; ma=2592000,h3-29=\":443\"; ma=2592000,h3-27=\":443\"; ma=2592000,h3-T051=\":443\"; ma=2592000,h3-T050=\":443\"; ma=2592000,h3-Q046=\":443\"; ma=2592000,h3-Q043=\":443\"; ma=2592000,quic=\":443\"; ma=2592000; v=\"46,43\"","accept-ranges":"none","transfer-encoding":"chunked"}
[debug] [2020-09-28T18:34:49.270Z] >>> HTTP REQUEST GET https://cloudfunctions.googleapis.com/v1/operations/Y291cnNlc3dhcGJwaGMvdXMtY2VudHJhbDEvZmluZE1hdGNoQW5kTm90aWZ5VXNlci9hd0NqOUtzT2d3bw  
 
[debug] [2020-09-28T18:34:49.902Z] <<< HTTP RESPONSE 200 {"content-type":"application/json; charset=UTF-8","vary":"X-Origin, Referer, Origin,Accept-Encoding","date":"Mon, 28 Sep 2020 18:34:49 GMT","server":"ESF","cache-control":"private","x-xss-protection":"0","x-frame-options":"SAMEORIGIN","x-content-type-options":"nosniff","alt-svc":"h3-Q050=\":443\"; ma=2592000,h3-29=\":443\"; ma=2592000,h3-27=\":443\"; ma=2592000,h3-T051=\":443\"; ma=2592000,h3-T050=\":443\"; ma=2592000,h3-Q046=\":443\"; ma=2592000,h3-Q043=\":443\"; ma=2592000,quic=\":443\"; ma=2592000; v=\"46,43\"","accept-ranges":"none","transfer-encoding":"chunked"}
[debug] [2020-09-28T18:34:51.908Z] >>> HTTP REQUEST GET https://cloudfunctions.googleapis.com/v1/operations/Y291cnNlc3dhcGJwaGMvdXMtY2VudHJhbDEvZmluZE1hdGNoQW5kTm90aWZ5VXNlci9hd0NqOUtzT2d3bw  
 
[debug] [2020-09-28T18:34:52.528Z] <<< HTTP RESPONSE 200 {"content-type":"application/json; charset=UTF-8","vary":"X-Origin, Referer, Origin,Accept-Encoding","date":"Mon, 28 Sep 2020 18:34:52 GMT","server":"ESF","cache-control":"private","x-xss-protection":"0","x-frame-options":"SAMEORIGIN","x-content-type-options":"nosniff","alt-svc":"h3-Q050=\":443\"; ma=2592000,h3-29=\":443\"; ma=2592000,h3-27=\":443\"; ma=2592000,h3-T051=\":443\"; ma=2592000,h3-T050=\":443\"; ma=2592000,h3-Q046=\":443\"; ma=2592000,h3-Q043=\":443\"; ma=2592000,quic=\":443\"; ma=2592000; v=\"46,43\"","accept-ranges":"none","transfer-encoding":"chunked"}
[debug] [2020-09-28T18:34:54.538Z] >>> HTTP REQUEST GET https://cloudfunctions.googleapis.com/v1/operations/Y291cnNlc3dhcGJwaGMvdXMtY2VudHJhbDEvZmluZE1hdGNoQW5kTm90aWZ5VXNlci9hd0NqOUtzT2d3bw  
 
[debug] [2020-09-28T18:34:55.095Z] <<< HTTP RESPONSE 200 {"content-type":"application/json; charset=UTF-8","vary":"X-Origin, Referer, Origin,Accept-Encoding","date":"Mon, 28 Sep 2020 18:34:54 GMT","server":"ESF","cache-control":"private","x-xss-protection":"0","x-frame-options":"SAMEORIGIN","x-content-type-options":"nosniff","alt-svc":"h3-Q050=\":443\"; ma=2592000,h3-29=\":443\"; ma=2592000,h3-27=\":443\"; ma=2592000,h3-T051=\":443\"; ma=2592000,h3-T050=\":443\"; ma=2592000,h3-Q046=\":443\"; ma=2592000,h3-Q043=\":443\"; ma=2592000,quic=\":443\"; ma=2592000; v=\"46,43\"","accept-ranges":"none","transfer-encoding":"chunked"}
[debug] [2020-09-28T18:34:57.103Z] >>> HTTP REQUEST GET https://cloudfunctions.googleapis.com/v1/operations/Y291cnNlc3dhcGJwaGMvdXMtY2VudHJhbDEvZmluZE1hdGNoQW5kTm90aWZ5VXNlci9hd0NqOUtzT2d3bw  
 
[debug] [2020-09-28T18:34:57.761Z] <<< HTTP RESPONSE 200 {"content-type":"application/json; charset=UTF-8","vary":"X-Origin, Referer, Origin,Accept-Encoding","date":"Mon, 28 Sep 2020 18:34:57 GMT","server":"ESF","cache-control":"private","x-xss-protection":"0","x-frame-options":"SAMEORIGIN","x-content-type-options":"nosniff","alt-svc":"h3-Q050=\":443\"; ma=2592000,h3-29=\":443\"; ma=2592000,h3-27=\":443\"; ma=2592000,h3-T051=\":443\"; ma=2592000,h3-T050=\":443\"; ma=2592000,h3-Q046=\":443\"; ma=2592000,h3-Q043=\":443\"; ma=2592000,quic=\":443\"; ma=2592000; v=\"46,43\"","accept-ranges":"none","transfer-encoding":"chunked"}
[debug] [2020-09-28T18:34:59.773Z] >>> HTTP REQUEST GET https://cloudfunctions.googleapis.com/v1/operations/Y291cnNlc3dhcGJwaGMvdXMtY2VudHJhbDEvZmluZE1hdGNoQW5kTm90aWZ5VXNlci9hd0NqOUtzT2d3bw  
 
[debug] [2020-09-28T18:35:00.433Z] <<< HTTP RESPONSE 200 {"content-type":"application/json; charset=UTF-8","vary":"X-Origin, Referer, Origin,Accept-Encoding","date":"Mon, 28 Sep 2020 18:34:59 GMT","server":"ESF","cache-control":"private","x-xss-protection":"0","x-frame-options":"SAMEORIGIN","x-content-type-options":"nosniff","alt-svc":"h3-Q050=\":443\"; ma=2592000,h3-29=\":443\"; ma=2592000,h3-27=\":443\"; ma=2592000,h3-T051=\":443\"; ma=2592000,h3-T050=\":443\"; ma=2592000,h3-Q046=\":443\"; ma=2592000,h3-Q043=\":443\"; ma=2592000,quic=\":443\"; ma=2592000; v=\"46,43\"","accept-ranges":"none","transfer-encoding":"chunked"}
[debug] [2020-09-28T18:35:02.449Z] >>> HTTP REQUEST GET https://cloudfunctions.googleapis.com/v1/operations/Y291cnNlc3dhcGJwaGMvdXMtY2VudHJhbDEvZmluZE1hdGNoQW5kTm90aWZ5VXNlci9hd0NqOUtzT2d3bw  
 
[debug] [2020-09-28T18:35:02.988Z] <<< HTTP RESPONSE 200 {"content-type":"application/json; charset=UTF-8","vary":"X-Origin, Referer, Origin,Accept-Encoding","date":"Mon, 28 Sep 2020 18:35:02 GMT","server":"ESF","cache-control":"private","x-xss-protection":"0","x-frame-options":"SAMEORIGIN","x-content-type-options":"nosniff","alt-svc":"h3-Q050=\":443\"; ma=2592000,h3-29=\":443\"; ma=2592000,h3-27=\":443\"; ma=2592000,h3-T051=\":443\"; ma=2592000,h3-T050=\":443\"; ma=2592000,h3-Q046=\":443\"; ma=2592000,h3-Q043=\":443\"; ma=2592000,quic=\":443\"; ma=2592000; v=\"46,43\"","accept-ranges":"none","transfer-encoding":"chunked"}
[debug] [2020-09-28T18:35:04.991Z] >>> HTTP REQUEST GET https://cloudfunctions.googleapis.com/v1/operations/Y291cnNlc3dhcGJwaGMvdXMtY2VudHJhbDEvZmluZE1hdGNoQW5kTm90aWZ5VXNlci9hd0NqOUtzT2d3bw  
 
[debug] [2020-09-28T18:35:05.536Z] <<< HTTP RESPONSE 200 {"content-type":"application/json; charset=UTF-8","vary":"X-Origin, Referer, Origin,Accept-Encoding","date":"Mon, 28 Sep 2020 18:35:05 GMT","server":"ESF","cache-control":"private","x-xss-protection":"0","x-frame-options":"SAMEORIGIN","x-content-type-options":"nosniff","alt-svc":"h3-Q050=\":443\"; ma=2592000,h3-29=\":443\"; ma=2592000,h3-27=\":443\"; ma=2592000,h3-T051=\":443\"; ma=2592000,h3-T050=\":443\"; ma=2592000,h3-Q046=\":443\"; ma=2592000,h3-Q043=\":443\"; ma=2592000,quic=\":443\"; ma=2592000; v=\"46,43\"","accept-ranges":"none","transfer-encoding":"chunked"}
