#
# There is insufficient memory for the Java Runtime Environment to continue.
# Native memory allocation (malloc) failed to allocate 1048576 bytes for AllocateHeap
# Possible reasons:
#   The system is out of physical RAM or swap space
#   The process is running with CompressedOops enabled, and the Java Heap may be blocking the growth of the native heap
# Possible solutions:
#   Reduce memory load on the system
#   Increase physical memory or swap space
#   Check if swap backing store is full
#   Decrease Java heap size (-Xmx/-Xms)
#   Decrease number of Java threads
#   Decrease Java thread stack sizes (-Xss)
#   Set larger code cache with -XX:ReservedCodeCacheSize=
#   JVM is running with Unscaled Compressed Oops mode in which the Java heap is
#     placed in the first 4GB address space. The Java Heap base address is the
#     maximum limit for the native heap growth. Please use -XX:HeapBaseMinAddress
#     to set the Java Heap base and to place the Java Heap above 4GB virtual address.
# This output file may be truncated or incomplete.
#
#  Out of Memory Error (memory/allocation.inline.hpp:61), pid=12136, tid=0x0000000000004770
#
# JRE version:  (8.0_242-b01) (build )
# Java VM: OpenJDK 64-Bit Server VM (25.242-b01 mixed mode windows-amd64 compressed oops)
# Failed to write core dump. Minidumps are not enabled by default on client versions of Windows
#

---------------  T H R E A D  ---------------

Current thread (0x0000000002922800):  JavaThread "Unknown thread" [_thread_in_vm, id=18288, stack(0x0000000002780000,0x0000000002880000)]

Stack: [0x0000000002780000,0x0000000002880000]
[error occurred during error reporting (printing stack bounds), id 0xc0000005]

Native frames: (J=compiled Java code, j=interpreted, Vv=VM code, C=native code)


---------------  P R O C E S S  ---------------

Java Threads: ( => current thread )

Other Threads:

=>0x0000000002922800 (exited) JavaThread "Unknown thread" [_thread_in_vm, id=18288, stack(0x0000000002780000,0x0000000002880000)]

VM state:not at safepoint (normal execution)

VM Mutex/Monitor currently owned by a thread: None

heap address: 0x0000000081800000, size: 2024 MB, Compressed Oops mode: 32-bit
Narrow klass base: 0x0000000000000000, Narrow klass shift: 3
Compressed class space size: 1073741824 Address: 0x0000000100000000

Heap:
 PSYoungGen      total 38400K, used 665K [0x00000000d5d80000, 0x00000000d8800000, 0x0000000100000000)
  eden space 33280K, 2% used [0x00000000d5d80000,0x00000000d5e26670,0x00000000d7e00000)
  from space 5120K, 0% used [0x00000000d8300000,0x00000000d8300000,0x00000000d8800000)
  to   space 5120K, 0% used [0x00000000d7e00000,0x00000000d7e00000,0x00000000d8300000)
 ParOldGen       total 87552K, used 0K [0x0000000081800000, 0x0000000086d80000, 0x00000000d5d80000)
  object space 87552K, 0% used [0x0000000081800000,0x0000000081800000,0x0000000086d80000)
 Metaspace       used 779K, capacity 4480K, committed 4480K, reserved 1056768K
  class space    used 74K, capacity 384K, committed 384K, reserved 1048576K

Card table byte_map: [0x0000000011de0000,0x00000000121e0000] byte_map_base: 0x00000000119d4000

Marking Bits: (ParMarkBitMap*) 0x000000005acaf030
 Begin Bits: [0x0000000012c90000, 0x0000000014c30000)
 End Bits:   [0x0000000014c30000, 0x0000000016bd0000)

Polling page: 0x0000000000ed0000

CodeCache: size=245760Kb used=328Kb max_used=328Kb free=245431Kb
 bounds [0x0000000002a20000, 0x0000000002c90000, 0x0000000011a20000]
 total_blobs=57 nmethods=0 adapters=38
 compilation: enabled

Compilation events (0 events):
No events

GC Heap History (0 events):
No events

Deoptimization events (0 events):
No events

Classes redefined (0 events):
No events

Internal exceptions (0 events):
No events

Events (10 events):
Event: 0.063 loading class java/lang/Short
Event: 0.064 loading class java/lang/Short done
Event: 0.064 loading class java/lang/Integer
Event: 0.064 loading class java/lang/Integer done
Event: 0.064 loading class java/lang/Long
Event: 0.064 loading class java/lang/Long done
Event: 0.068 loading class java/lang/NullPointerException
Event: 0.068 loading class java/lang/NullPointerException done
Event: 0.068 loading class java/lang/ArithmeticException
Event: 0.069 loading class java/lang/ArithmeticException done


Dynamic libraries:
0x00007ff771210000 - 0x00007ff771241000 	C:\Program Files\Android\Android Studio\jre\jre\bin\java.exe
0x00007ffd19790000 - 0x00007ffd19985000 	C:\WINDOWS\SYSTEM32\ntdll.dll
0x00007ffd18ae0000 - 0x00007ffd18b9d000 	C:\WINDOWS\System32\KERNEL32.DLL
0x00007ffd172e0000 - 0x00007ffd175a7000 	C:\WINDOWS\System32\KERNELBASE.dll
0x00007ffd193e0000 - 0x00007ffd1948a000 	C:\WINDOWS\System32\ADVAPI32.dll
0x00007ffd188e0000 - 0x00007ffd1897e000 	C:\WINDOWS\System32\msvcrt.dll
0x00007ffd18840000 - 0x00007ffd188db000 	C:\WINDOWS\System32\sechost.dll
0x00007ffd189b0000 - 0x00007ffd18ad4000 	C:\WINDOWS\System32\RPCRT4.dll
0x00007ffd18380000 - 0x00007ffd18520000 	C:\WINDOWS\System32\USER32.dll
0x00007ffd172b0000 - 0x00007ffd172d2000 	C:\WINDOWS\System32\win32u.dll
0x00007ffd18980000 - 0x00007ffd189aa000 	C:\WINDOWS\System32\GDI32.dll
0x00007ffd175b0000 - 0x00007ffd176b9000 	C:\WINDOWS\System32\gdi32full.dll
0x00007ffd171c0000 - 0x00007ffd1725d000 	C:\WINDOWS\System32\msvcp_win.dll
0x00007ffd176c0000 - 0x00007ffd177c0000 	C:\WINDOWS\System32\ucrtbase.dll
0x00007ffd0acf0000 - 0x00007ffd0af8b000 	C:\WINDOWS\WinSxS\amd64_microsoft.windows.common-controls_6595b64144ccf1df_6.0.19041.488_none_ca04af081b815d21\COMCTL32.dll
0x00007ffd18810000 - 0x00007ffd18840000 	C:\WINDOWS\System32\IMM32.DLL
0x000000005a320000 - 0x000000005a3f2000 	C:\Program Files\Android\Android Studio\jre\jre\bin\msvcr100.dll
0x000000005a4e0000 - 0x000000005ad2b000 	C:\Program Files\Android\Android Studio\jre\jre\bin\server\jvm.dll
0x00007ffd18c80000 - 0x00007ffd18c88000 	C:\WINDOWS\System32\PSAPI.DLL
0x00007ffd0d800000 - 0x00007ffd0d827000 	C:\WINDOWS\SYSTEM32\WINMM.dll
0x00007ffd10bb0000 - 0x00007ffd10bba000 	C:\WINDOWS\SYSTEM32\VERSION.dll
0x00007ffd099e0000 - 0x00007ffd099e9000 	C:\WINDOWS\SYSTEM32\WSOCK32.dll
0x00007ffd195a0000 - 0x00007ffd1960b000 	C:\WINDOWS\System32\WS2_32.dll
0x00007ffd12890000 - 0x00007ffd1289f000 	C:\Program Files\Android\Android Studio\jre\jre\bin\verify.dll
0x00007ffd11c80000 - 0x00007ffd11ca9000 	C:\Program Files\Android\Android Studio\jre\jre\bin\java.dll
0x00007ffd12870000 - 0x00007ffd12886000 	C:\Program Files\Android\Android Studio\jre\jre\bin\zip.dll

VM Arguments:
java_command: org.jetbrains.kotlin.cli.jvm.K2JVMCompiler @C:\Users\Aagam Shah\AndroidStudioProjects\CourseSwapBPHC\app\build\20200929_5949212937156880345.compiler.options
java_class_path (initial): C:\Users\Aagam Shah\.gradle\caches\modules-2\files-2.1\org.jetbrains.kotlin\kotlin-compiler-embeddable\1.4.10\38c4b99d5d5362debdd9302a866730379aa2328a\kotlin-compiler-embeddable-1.4.10.jar;C:\Users\Aagam Shah\.gradle\caches\modules-2\files-2.1\org.jetbrains.kotlin\kotlin-reflect\1.4.10\e2b3c6695eee6085e606d96d685396dce23a3a06\kotlin-reflect-1.4.10.jar;C:\Users\Aagam Shah\.gradle\caches\modules-2\files-2.1\org.jetbrains.kotlin\kotlin-stdlib\1.4.10\ea29e063d2bbe695be13e9d044dcfb0c7add398e\kotlin-stdlib-1.4.10.jar;C:\Users\Aagam Shah\.gradle\caches\modules-2\files-2.1\org.jetbrains.kotlin\kotlin-script-runtime\1.4.10\7c19d9c2001e016cd7664cebe9eea66fc04a7f4f\kotlin-script-runtime-1.4.10.jar;C:\Users\Aagam Shah\.gradle\caches\modules-2\files-2.1\org.jetbrains.kotlin\kotlin-daemon-embeddable\1.4.10\dbd67f42bed28043d17d7c860b06110a00a45970\kotlin-daemon-embeddable-1.4.10.jar;C:\Users\Aagam Shah\.gradle\caches\modules-2\files-2.1\org.jetbrains.intellij.deps\trove4j\1.0.20181211\216c2e14b070f334479d800987affe4054cd563f\trove4j-1.0.20181211.jar;C:\Users\Aagam Shah\.gradle\caches\modules-2\files-2.1\org.jetbrains.kotlin\kotlin-stdlib-common\1.4.10\6229be3465805c99db1142ad75e6c6ddeac0b04c\kotlin-stdlib-common-1.4.10.jar;C:\Users\Aagam Shah\.gradle\caches\modules-2\files-2.1\org.jetbrains\annotations\13.0\919f0dfe192fb4e063e7dacadee7f8bb9a2672a9\annotations-13.0.jar;C:\Program Files\Android\Android Studio\jre\lib\tools.jar
Launcher Type: SUN_STANDARD

Environment Variables:
PATH=C:\ProgramData\Anaconda3;C:\ProgramData\Anaconda3\Library\mingw-w64\bin;C:\ProgramData\Anaconda3\Library\usr\bin;C:\ProgramData\Anaconda3\Library\bin;C:\ProgramData\Anaconda3\Scripts;C:\WINDOWS\system32;C:\WINDOWS;C:\WINDOWS\System32\Wbem;C:\WINDOWS\System32\WindowsPowerShell\v1.0\;C:\WINDOWS\System32\OpenSSH\;C:\Program Files\Java\jdk-14.0.2\bin;C:\Android;C:\Windows\System32;C:\ProgramData\chocolatey\bin;C:\xampp\php;C:\ProgramData\ComposerSetup\bin;C:\Program Files (x86)\Intel\Intel(R) Management Engine Components\DAL;C:\Program Files\Intel\Intel(R) Management Engine Components\DAL;C:\Program Files\dotnet\;C:\Program Files\Git\cmd;C:\MinGW\bin;C:\Program Files\nodejs\;C:\Flutter_sdk\flutter\bin;C:\Users\Aagam Shah\AppData\Roaming\Composer\vendor\bin;C:\Users\Aagam Shah\AppData\Local\Microsoft\WindowsApps;C:\Users\Aagam Shah\AppData\Local\Programs\Microsoft VS Code\bin;C:\Users\Aagam Shah\.dotnet\tools;C:\Program Files\heroku\bin;C:\Users\Aagam Shah\AppData\Roaming\npm
USERNAME=Aagam Shah
OS=Windows_NT
PROCESSOR_IDENTIFIER=Intel64 Family 6 Model 142 Stepping 10, GenuineIntel



---------------  S Y S T E M  ---------------

OS: Windows 10.0 , 64 bit Build 19041 (10.0.19041.292)

CPU:total 8 (initial active 8) (4 cores per cpu, 2 threads per core) family 6 model 142 stepping 10, cmov, cx8, fxsr, mmx, sse, sse2, sse3, ssse3, sse4.1, sse4.2, popcnt, avx, avx2, aes, clmul, erms, 3dnowpref, lzcnt, ht, tsc, tscinvbit, bmi1, bmi2, adx

Memory: 4k page, physical 8286600k(409612k free), swap 12480904k(5920k free)

vm_info: OpenJDK 64-Bit Server VM (25.242-b01) for windows-amd64 JRE (1.8.0_242-release-1644-b01), built by "builder" with MS VC++ 10.0 (VS2010)

time: Tue Sep 29 09:55:15 2020
timezone: India Standard Time
elapsed time: 0 seconds (0d 0h 0m 0s)

