#
# There is insufficient memory for the Java Runtime Environment to continue.
# Native memory allocation (malloc) failed to allocate 403136 bytes for Chunk::new
# Possible reasons:
#   The system is out of physical RAM or swap space
#   The process is running with CompressedOops enabled, and the Java Heap may be blocking the growth of the native heap
# Possible solutions:
#   Reduce memory load on the system
#   Increase physical memory or swap space
#   Check if swap backing store is full
#   Decrease Java heap size (-Xmx/-Xms)
#   Decrease number of Java threads
#   Decrease Java thread stack sizes (-Xss)
#   Set larger code cache with -XX:ReservedCodeCacheSize=
#   JVM is running with Unscaled Compressed Oops mode in which the Java heap is
#     placed in the first 4GB address space. The Java Heap base address is the
#     maximum limit for the native heap growth. Please use -XX:HeapBaseMinAddress
#     to set the Java Heap base and to place the Java Heap above 4GB virtual address.
# This output file may be truncated or incomplete.
#
#  Out of Memory Error (allocation.cpp:389), pid=22256, tid=0x0000000000004550
#
# JRE version: OpenJDK Runtime Environment (8.0_242-b01) (build 1.8.0_242-release-1644-b01)
# Java VM: OpenJDK 64-Bit Server VM (25.242-b01 mixed mode windows-amd64 compressed oops)
# Failed to write core dump. Minidumps are not enabled by default on client versions of Windows
#

---------------  T H R E A D  ---------------

Current thread (0x0000000019ec1800):  JavaThread "C2 CompilerThread0" daemon [_thread_in_native, id=17744, stack(0x000000001a790000,0x000000001a890000)]

Stack: [0x000000001a790000,0x000000001a890000]
[error occurred during error reporting (printing stack bounds), id 0xc0000005]

Native frames: (J=compiled Java code, j=interpreted, Vv=VM code, C=native code)


Current CompileTask:
C2:  14289 7449       4       org.jetbrains.kotlin.com.intellij.psi.stubs.StubList::addStub (137 bytes)


---------------  P R O C E S S  ---------------

Java Threads: ( => current thread )
  0x0000000019f57800 JavaThread "Service Thread" daemon [_thread_blocked, id=18796, stack(0x000000001ab90000,0x000000001ac90000)]
  0x0000000019ed1800 JavaThread "C1 CompilerThread3" daemon [_thread_in_native_trans, id=19824, stack(0x000000001aa90000,0x000000001ab90000)]
  0x0000000019ec7800 JavaThread "C2 CompilerThread2" daemon [_thread_in_native, id=20244, stack(0x000000001a990000,0x000000001aa90000)]
  0x0000000019ec5000 JavaThread "C2 CompilerThread1" daemon [_thread_in_native, id=14924, stack(0x000000001a890000,0x000000001a990000)]
=>0x0000000019ec1800 JavaThread "C2 CompilerThread0" daemon [_thread_in_native, id=17744, stack(0x000000001a790000,0x000000001a890000)]
  0x0000000019ec0800 JavaThread "Attach Listener" daemon [_thread_blocked, id=7684, stack(0x000000001a690000,0x000000001a790000)]
  0x0000000019ebf000 JavaThread "Signal Dispatcher" daemon [_thread_blocked, id=21424, stack(0x000000001a590000,0x000000001a690000)]
  0x0000000019eb0800 JavaThread "Finalizer" daemon [_thread_blocked, id=18832, stack(0x000000001a390000,0x000000001a490000)]
  0x0000000003069000 JavaThread "Reference Handler" daemon [_thread_blocked, id=17676, stack(0x000000001a290000,0x000000001a390000)]
  0x0000000002f72800 JavaThread "main" [_thread_in_Java, id=22280, stack(0x0000000001680000,0x0000000001780000)]

Other Threads:
  0x0000000018085800 VMThread [stack: 0x0000000019d90000,0x0000000019e90000] [id=2228]
  0x0000000019f68000 WatcherThread [stack: 0x000000001ac90000,0x000000001ad90000] [id=12612]

VM state:not at safepoint (normal execution)

VM Mutex/Monitor currently owned by a thread: None

heap address: 0x0000000081800000, size: 2024 MB, Compressed Oops mode: 32-bit
Narrow klass base: 0x0000000000000000, Narrow klass shift: 3
Compressed class space size: 1073741824 Address: 0x0000000100000000

Heap:
 PSYoungGen      total 136192K, used 10401K [0x00000000d5d80000, 0x00000000dff80000, 0x0000000100000000)
  eden space 131072K, 7% used [0x00000000d5d80000,0x00000000d67a8788,0x00000000ddd80000)
  from space 5120K, 0% used [0x00000000ddf80000,0x00000000ddf80000,0x00000000de480000)
  to   space 17408K, 0% used [0x00000000dee80000,0x00000000dee80000,0x00000000dff80000)
 ParOldGen       total 68096K, used 49400K [0x0000000081800000, 0x0000000085a80000, 0x00000000d5d80000)
  object space 68096K, 72% used [0x0000000081800000,0x000000008483e3e8,0x0000000085a80000)
 Metaspace       used 58128K, capacity 59106K, committed 59480K, reserved 1101824K
  class space    used 7021K, capacity 7278K, committed 7296K, reserved 1048576K

Card table byte_map: [0x00000000124b0000,0x00000000128b0000] byte_map_base: 0x00000000120a4000

Marking Bits: (ParMarkBitMap*) 0x000000005acaf030
 Begin Bits: [0x0000000013360000, 0x0000000015300000)
 End Bits:   [0x0000000015300000, 0x00000000172a0000)

Polling page: 0x0000000001160000

CodeCache: size=245760Kb used=26720Kb max_used=26720Kb free=219039Kb
 bounds [0x00000000030f0000, 0x0000000004b20000, 0x00000000120f0000]
 total_blobs=7427 nmethods=6912 adapters=427
 compilation: enabled

Compilation events (10 events):
Event: 14.286 Thread 0x0000000019ed1800 nmethod 7512 0x0000000004b15650 code [0x0000000004b157c0, 0x0000000004b15a48]
Event: 14.286 Thread 0x0000000019ed1800 7513       3       org.jetbrains.kotlin.com.intellij.psi.impl.compiled.StubBuildingVisitor::packMethodFlags (91 bytes)
Event: 14.286 Thread 0x0000000019ed1800 nmethod 7513 0x0000000004b15b50 code [0x0000000004b15d60, 0x0000000004b16738]
Event: 14.286 Thread 0x0000000019ed1800 7514       3       org.jetbrains.kotlin.com.intellij.psi.impl.java.stubs.impl.PsiParameterListStubImpl::<init> (9 bytes)
Event: 14.286 Thread 0x0000000019ed1800 nmethod 7514 0x0000000004b16b10 code [0x0000000004b16c80, 0x0000000004b16e08]
Event: 14.286 Thread 0x0000000019ed1800 7515       3       org.jetbrains.kotlin.com.intellij.psi.impl.compiled.StubBuildingVisitor$MethodAnnotationCollectingVisitor::<init> (14 bytes)
Event: 14.287 Thread 0x0000000019ed1800 nmethod 7515 0x0000000004b16e90 code [0x0000000004b17000, 0x0000000004b17188]
Event: 14.287 Thread 0x0000000019ed1800 7516       3       org.jetbrains.kotlin.com.intellij.psi.impl.compiled.StubBuildingVisitor$MethodAnnotationCollectingVisitor::<init> (54 bytes)
Event: 14.287 Thread 0x0000000019ed1800 nmethod 7516 0x0000000004b17250 code [0x0000000004b173e0, 0x0000000004b176f8]
Event: 14.287 Thread 0x0000000019ed1800 7522       3       org.jetbrains.kotlin.com.intellij.openapi.util.Pair::pair (10 bytes)

GC Heap History (10 events):
Event: 7.646 GC heap before
{Heap before GC invocations=6 (full 1):
 PSYoungGen      total 97792K, used 43559K [0x00000000d5d80000, 0x00000000de980000, 0x0000000100000000)
  eden space 92672K, 41% used [0x00000000d5d80000,0x00000000d8311430,0x00000000db800000)
  from space 5120K, 99% used [0x00000000de480000,0x00000000de978918,0x00000000de980000)
  to   space 5120K, 0% used [0x00000000ddf80000,0x00000000ddf80000,0x00000000de480000)
 ParOldGen       total 68096K, used 18774K [0x0000000081800000, 0x0000000085a80000, 0x00000000d5d80000)
  object space 68096K, 27% used [0x0000000081800000,0x0000000082a55a28,0x0000000085a80000)
 Metaspace       used 34627K, capacity 35080K, committed 35416K, reserved 1081344K
  class space    used 4344K, capacity 4477K, committed 4480K, reserved 1048576K
Event: 7.671 GC heap after
Heap after GC invocations=6 (full 1):
 PSYoungGen      total 136192K, used 5099K [0x00000000d5d80000, 0x00000000dff80000, 0x0000000100000000)
  eden space 131072K, 0% used [0x00000000d5d80000,0x00000000d5d80000,0x00000000ddd80000)
  from space 5120K, 99% used [0x00000000ddf80000,0x00000000de47adc8,0x00000000de480000)
  to   space 17408K, 0% used [0x00000000dee80000,0x00000000dee80000,0x00000000dff80000)
 ParOldGen       total 68096K, used 28790K [0x0000000081800000, 0x0000000085a80000, 0x00000000d5d80000)
  object space 68096K, 42% used [0x0000000081800000,0x000000008341d980,0x0000000085a80000)
 Metaspace       used 34627K, capacity 35080K, committed 35416K, reserved 1081344K
  class space    used 4344K, capacity 4477K, committed 4480K, reserved 1048576K
}
Event: 7.671 GC heap before
{Heap before GC invocations=7 (full 2):
 PSYoungGen      total 136192K, used 5099K [0x00000000d5d80000, 0x00000000dff80000, 0x0000000100000000)
  eden space 131072K, 0% used [0x00000000d5d80000,0x00000000d5d80000,0x00000000ddd80000)
  from space 5120K, 99% used [0x00000000ddf80000,0x00000000de47adc8,0x00000000de480000)
  to   space 17408K, 0% used [0x00000000dee80000,0x00000000dee80000,0x00000000dff80000)
 ParOldGen       total 68096K, used 28790K [0x0000000081800000, 0x0000000085a80000, 0x00000000d5d80000)
  object space 68096K, 42% used [0x0000000081800000,0x000000008341d980,0x0000000085a80000)
 Metaspace       used 34627K, capacity 35080K, committed 35416K, reserved 1081344K
  class space    used 4344K, capacity 4477K, committed 4480K, reserved 1048576K
Event: 7.833 GC heap after
Heap after GC invocations=7 (full 2):
 PSYoungGen      total 136192K, used 0K [0x00000000d5d80000, 0x00000000dff80000, 0x0000000100000000)
  eden space 131072K, 0% used [0x00000000d5d80000,0x00000000d5d80000,0x00000000ddd80000)
  from space 5120K, 0% used [0x00000000ddf80000,0x00000000ddf80000,0x00000000de480000)
  to   space 17408K, 0% used [0x00000000dee80000,0x00000000dee80000,0x00000000dff80000)
 ParOldGen       total 68096K, used 23610K [0x0000000081800000, 0x0000000085a80000, 0x00000000d5d80000)
  object space 68096K, 34% used [0x0000000081800000,0x0000000082f0ea80,0x0000000085a80000)
 Metaspace       used 34627K, capacity 35080K, committed 35416K, reserved 1081344K
  class space    used 4344K, capacity 4477K, committed 4480K, reserved 1048576K
}
Event: 10.942 GC heap before
{Heap before GC invocations=8 (full 2):
 PSYoungGen      total 136192K, used 131072K [0x00000000d5d80000, 0x00000000dff80000, 0x0000000100000000)
  eden space 131072K, 100% used [0x00000000d5d80000,0x00000000ddd80000,0x00000000ddd80000)
  from space 5120K, 0% used [0x00000000ddf80000,0x00000000ddf80000,0x00000000de480000)
  to   space 17408K, 0% used [0x00000000dee80000,0x00000000dee80000,0x00000000dff80000)
 ParOldGen       total 68096K, used 23610K [0x0000000081800000, 0x0000000085a80000, 0x00000000d5d80000)
  object space 68096K, 34% used [0x0000000081800000,0x0000000082f0ea80,0x0000000085a80000)
 Metaspace       used 46825K, capacity 47630K, committed 48088K, reserved 1091584K
  class space    used 5812K, capacity 6024K, committed 6144K, reserved 1048576K
Event: 10.970 GC heap after
Heap after GC invocations=8 (full 2):
 PSYoungGen      total 148480K, used 17386K [0x00000000d5d80000, 0x00000000dff80000, 0x0000000100000000)
  eden space 131072K, 0% used [0x00000000d5d80000,0x00000000d5d80000,0x00000000ddd80000)
  from space 17408K, 99% used [0x00000000dee80000,0x00000000dff7aaf0,0x00000000dff80000)
  to   space 5120K, 0% used [0x00000000ddf80000,0x00000000ddf80000,0x00000000de480000)
 ParOldGen       total 68096K, used 34336K [0x0000000081800000, 0x0000000085a80000, 0x00000000d5d80000)
  object space 68096K, 50% used [0x0000000081800000,0x00000000839881f8,0x0000000085a80000)
 Metaspace       used 46825K, capacity 47630K, committed 48088K, reserved 1091584K
  class space    used 5812K, capacity 6024K, committed 6144K, reserved 1048576K
}
Event: 13.697 GC heap before
{Heap before GC invocations=9 (full 2):
 PSYoungGen      total 148480K, used 124269K [0x00000000d5d80000, 0x00000000dff80000, 0x0000000100000000)
  eden space 131072K, 81% used [0x00000000d5d80000,0x00000000dc5e0bc0,0x00000000ddd80000)
  from space 17408K, 99% used [0x00000000dee80000,0x00000000dff7aaf0,0x00000000dff80000)
  to   space 5120K, 0% used [0x00000000ddf80000,0x00000000ddf80000,0x00000000de480000)
 ParOldGen       total 68096K, used 34336K [0x0000000081800000, 0x0000000085a80000, 0x00000000d5d80000)
  object space 68096K, 50% used [0x0000000081800000,0x00000000839881f8,0x0000000085a80000)
 Metaspace       used 57807K, capacity 58708K, committed 58968K, reserved 1101824K
  class space    used 6995K, capacity 7239K, committed 7296K, reserved 1048576K
Event: 13.736 GC heap after
Heap after GC invocations=9 (full 2):
 PSYoungGen      total 136192K, used 5091K [0x00000000d5d80000, 0x00000000dff80000, 0x0000000100000000)
  eden space 131072K, 0% used [0x00000000d5d80000,0x00000000d5d80000,0x00000000ddd80000)
  from space 5120K, 99% used [0x00000000ddf80000,0x00000000de478f48,0x00000000de480000)
  to   space 17408K, 0% used [0x00000000dee80000,0x00000000dee80000,0x00000000dff80000)
 ParOldGen       total 68096K, used 62675K [0x0000000081800000, 0x0000000085a80000, 0x00000000d5d80000)
  object space 68096K, 92% used [0x0000000081800000,0x0000000085534cd0,0x0000000085a80000)
 Metaspace       used 57807K, capacity 58708K, committed 58968K, reserved 1101824K
  class space    used 6995K, capacity 7239K, committed 7296K, reserved 1048576K
}
Event: 13.736 GC heap before
{Heap before GC invocations=10 (full 3):
 PSYoungGen      total 136192K, used 5091K [0x00000000d5d80000, 0x00000000dff80000, 0x0000000100000000)
  eden space 131072K, 0% used [0x00000000d5d80000,0x00000000d5d80000,0x00000000ddd80000)
  from space 5120K, 99% used [0x00000000ddf80000,0x00000000de478f48,0x00000000de480000)
  to   space 17408K, 0% used [0x00000000dee80000,0x00000000dee80000,0x00000000dff80000)
 ParOldGen       total 68096K, used 62675K [0x0000000081800000, 0x0000000085a80000, 0x00000000d5d80000)
  object space 68096K, 92% used [0x0000000081800000,0x0000000085534cd0,0x0000000085a80000)
 Metaspace       used 57807K, capacity 58708K, committed 58968K, reserved 1101824K
  class space    used 6995K, capacity 7239K, committed 7296K, reserved 1048576K
Event: 14.106 GC heap after
Heap after GC invocations=10 (full 3):
 PSYoungGen      total 136192K, used 0K [0x00000000d5d80000, 0x00000000dff80000, 0x0000000100000000)
  eden space 131072K, 0% used [0x00000000d5d80000,0x00000000d5d80000,0x00000000ddd80000)
  from space 5120K, 0% used [0x00000000ddf80000,0x00000000ddf80000,0x00000000de480000)
  to   space 17408K, 0% used [0x00000000dee80000,0x00000000dee80000,0x00000000dff80000)
 ParOldGen       total 68096K, used 49400K [0x0000000081800000, 0x0000000085a80000, 0x00000000d5d80000)
  object space 68096K, 72% used [0x0000000081800000,0x000000008483e3e8,0x0000000085a80000)
 Metaspace       used 57807K, capacity 58708K, committed 58968K, reserved 1101824K
  class space    used 6995K, capacity 7239K, committed 7296K, reserved 1048576K
}

Deoptimization events (10 events):
Event: 14.112 Thread 0x0000000002f72800 Uncommon trap: reason=bimorphic action=maybe_recompile pc=0x00000000049e0534 method=org.jetbrains.org.objectweb.asm.ClassReader.readField(Lorg/jetbrains/org/objectweb/asm/ClassVisitor;Lorg/jetbrains/org/objectweb/asm/Context;I)I @ 332
Event: 14.112 Thread 0x0000000002f72800 Uncommon trap: reason=bimorphic action=maybe_recompile pc=0x00000000049e0534 method=org.jetbrains.org.objectweb.asm.ClassReader.readField(Lorg/jetbrains/org/objectweb/asm/ClassVisitor;Lorg/jetbrains/org/objectweb/asm/Context;I)I @ 332
Event: 14.112 Thread 0x0000000002f72800 Uncommon trap: reason=bimorphic action=maybe_recompile pc=0x00000000049e0534 method=org.jetbrains.org.objectweb.asm.ClassReader.readField(Lorg/jetbrains/org/objectweb/asm/ClassVisitor;Lorg/jetbrains/org/objectweb/asm/Context;I)I @ 332
Event: 14.112 Thread 0x0000000002f72800 Uncommon trap: reason=bimorphic action=maybe_recompile pc=0x00000000049e0534 method=org.jetbrains.org.objectweb.asm.ClassReader.readField(Lorg/jetbrains/org/objectweb/asm/ClassVisitor;Lorg/jetbrains/org/objectweb/asm/Context;I)I @ 332
Event: 14.112 Thread 0x0000000002f72800 Uncommon trap: reason=unstable_if action=reinterpret pc=0x000000000431999c method=java.util.RegularEnumSet.contains(Ljava/lang/Object;)Z @ 48
Event: 14.113 Thread 0x0000000002f72800 Uncommon trap: reason=class_check action=maybe_recompile pc=0x000000000447c3fc method=org.jetbrains.kotlin.cli.jvm.compiler.KotlinCliJavaFileManagerImpl$knownClassNamesInPackage$1.invoke(Lorg/jetbrains/kotlin/com/intellij/openapi/vfs/VirtualFile;Lorg/jetb
Event: 14.113 Thread 0x0000000002f72800 Uncommon trap: reason=class_check action=maybe_recompile pc=0x000000000447c3fc method=org.jetbrains.kotlin.cli.jvm.compiler.KotlinCliJavaFileManagerImpl$knownClassNamesInPackage$1.invoke(Lorg/jetbrains/kotlin/com/intellij/openapi/vfs/VirtualFile;Lorg/jetb
Event: 14.117 Thread 0x0000000002f72800 Uncommon trap: reason=unstable_if action=reinterpret pc=0x00000000045affa0 method=org.jetbrains.org.objectweb.asm.ClassReader.readMethod(Lorg/jetbrains/org/objectweb/asm/ClassVisitor;Lorg/jetbrains/org/objectweb/asm/Context;I)I @ 151
Event: 14.166 Thread 0x0000000002f72800 Uncommon trap: reason=unstable_if action=reinterpret pc=0x0000000003c7bbdc method=gnu.trove.THashMap.put(Ljava/lang/Object;Ljava/lang/Object;)Ljava/lang/Object; @ 26
Event: 14.199 Thread 0x0000000002f72800 Uncommon trap: reason=predicate action=maybe_recompile pc=0x0000000004a88a60 method=org.jetbrains.org.objectweb.asm.ClassReader.readField(Lorg/jetbrains/org/objectweb/asm/ClassVisitor;Lorg/jetbrains/org/objectweb/asm/Context;I)I @ 372

Classes redefined (0 events):
No events

Internal exceptions (10 events):
Event: 9.397 Thread 0x0000000002f72800 Exception <a 'java/lang/NoSuchMethodError': java.lang.Object.lambda$static$0(I)[Lorg/jetbrains/kotlin/com/intellij/psi/PsiReference;> (0x00000000d9378970) thrown at [C:\src\AOSP-openjdk-git\hotspot\src\share\vm\interpreter\linkResolver.cpp, line 620]
Event: 9.409 Thread 0x0000000002f72800 Exception <a 'java/lang/NoSuchMethodError': java.lang.Object.lambda$static$0(I)[Lorg/jetbrains/kotlin/com/intellij/psi/PsiTypeElement;> (0x00000000d93b0488) thrown at [C:\src\AOSP-openjdk-git\hotspot\src\share\vm\interpreter\linkResolver.cpp, line 620]
Event: 9.431 Thread 0x0000000002f72800 Exception <a 'java/lang/NoSuchMethodError': java.lang.Object.lambda$static$0(I)[Lorg/jetbrains/kotlin/com/intellij/psi/PsiTypeParameter;> (0x00000000d9436680) thrown at [C:\src\AOSP-openjdk-git\hotspot\src\share\vm\interpreter\linkResolver.cpp, line 620]
Event: 9.519 Thread 0x0000000002f72800 Exception <a 'java/lang/NoSuchMethodError': java.lang.Object.lambda$static$0()Lorg/jetbrains/kotlin/com/intellij/psi/PsiSubstitutor;> (0x00000000d95196d8) thrown at [C:\src\AOSP-openjdk-git\hotspot\src\share\vm\interpreter\linkResolver.cpp, line 620]
Event: 10.926 Thread 0x0000000002f72800 Implicit null exception at 0x000000000427d9d7 to 0x000000000427df3d
Event: 11.301 Thread 0x0000000002f72800 Implicit null exception at 0x000000000391448c to 0x0000000003914569
Event: 11.953 Thread 0x0000000002f72800 Exception <a 'java/lang/IncompatibleClassChangeError': Found class java.lang.Object, but interface was expected> (0x00000000d8e78270) thrown at [C:\src\AOSP-openjdk-git\hotspot\src\share\vm\interpreter\linkResolver.cpp, line 653]
Event: 12.572 Thread 0x0000000002f72800 Implicit null exception at 0x00000000047ab6db to 0x00000000047abac1
Event: 12.572 Thread 0x0000000002f72800 Implicit null exception at 0x000000000472d053 to 0x000000000472d1f9
Event: 12.733 Thread 0x0000000002f72800 Exception <a 'java/lang/NoSuchMethodError': java.lang.Object.lambda$static$0(Lorg/jetbrains/kotlin/descriptors/ValueParameterDescriptor;Lorg/jetbrains/kotlin/codegen/ExpressionCodegen;)Lorg/jetbrains/kotlin/codegen/StackValue;> (0x00000000da436ad8) thrown

Events (10 events):
Event: 14.234 loading class org/jetbrains/kotlin/kapt3/stubs/ClassFileToSourceStubConverter$UnknownConstantValue
Event: 14.234 loading class org/jetbrains/kotlin/kapt3/stubs/ClassFileToSourceStubConverter$UnknownConstantValue done
Event: 14.234 loading class org/jetbrains/kotlin/resolve/constants/DoubleValue
Event: 14.234 loading class org/jetbrains/kotlin/resolve/constants/DoubleValue done
Event: 14.235 loading class org/jetbrains/kotlin/resolve/constants/FloatValue
Event: 14.235 loading class org/jetbrains/kotlin/resolve/constants/FloatValue done
Event: 14.241 Thread 0x0000000002f72800 DEOPT PACKING pc=0x0000000004a0ccce sp=0x000000000177d240
Event: 14.241 Thread 0x0000000002f72800 DEOPT UNPACKING pc=0x00000000031375d0 sp=0x000000000177d058 mode 0
Event: 14.249 loading class com/sun/tools/javac/tree/Pretty$1
Event: 14.249 loading class com/sun/tools/javac/tree/Pretty$1 done


Dynamic libraries:
0x00007ff6336b0000 - 0x00007ff6336e1000 	C:\Program Files\Android\Android Studio\jre\jre\bin\java.exe
0x00007ffd19790000 - 0x00007ffd19985000 	C:\WINDOWS\SYSTEM32\ntdll.dll
0x00007ffd18ae0000 - 0x00007ffd18b9d000 	C:\WINDOWS\System32\KERNEL32.DLL
0x00007ffd172e0000 - 0x00007ffd175a7000 	C:\WINDOWS\System32\KERNELBASE.dll
0x00007ffd193e0000 - 0x00007ffd1948a000 	C:\WINDOWS\System32\ADVAPI32.dll
0x00007ffd188e0000 - 0x00007ffd1897e000 	C:\WINDOWS\System32\msvcrt.dll
0x00007ffd18840000 - 0x00007ffd188db000 	C:\WINDOWS\System32\sechost.dll
0x00007ffd189b0000 - 0x00007ffd18ad4000 	C:\WINDOWS\System32\RPCRT4.dll
0x00007ffd18380000 - 0x00007ffd18520000 	C:\WINDOWS\System32\USER32.dll
0x00007ffd172b0000 - 0x00007ffd172d2000 	C:\WINDOWS\System32\win32u.dll
0x00007ffd18980000 - 0x00007ffd189aa000 	C:\WINDOWS\System32\GDI32.dll
0x00007ffd175b0000 - 0x00007ffd176b9000 	C:\WINDOWS\System32\gdi32full.dll
0x00007ffd171c0000 - 0x00007ffd1725d000 	C:\WINDOWS\System32\msvcp_win.dll
0x00007ffd176c0000 - 0x00007ffd177c0000 	C:\WINDOWS\System32\ucrtbase.dll
0x00007ffd0acf0000 - 0x00007ffd0af8b000 	C:\WINDOWS\WinSxS\amd64_microsoft.windows.common-controls_6595b64144ccf1df_6.0.19041.488_none_ca04af081b815d21\COMCTL32.dll
0x00007ffd18810000 - 0x00007ffd18840000 	C:\WINDOWS\System32\IMM32.DLL
0x000000005a320000 - 0x000000005a3f2000 	C:\Program Files\Android\Android Studio\jre\jre\bin\msvcr100.dll
0x000000005a4e0000 - 0x000000005ad2b000 	C:\Program Files\Android\Android Studio\jre\jre\bin\server\jvm.dll
0x00007ffd18c80000 - 0x00007ffd18c88000 	C:\WINDOWS\System32\PSAPI.DLL
0x00007ffd099e0000 - 0x00007ffd099e9000 	C:\WINDOWS\SYSTEM32\WSOCK32.dll
0x00007ffd0d800000 - 0x00007ffd0d827000 	C:\WINDOWS\SYSTEM32\WINMM.dll
0x00007ffd195a0000 - 0x00007ffd1960b000 	C:\WINDOWS\System32\WS2_32.dll
0x00007ffd10bb0000 - 0x00007ffd10bba000 	C:\WINDOWS\SYSTEM32\VERSION.dll
0x00007ffd12890000 - 0x00007ffd1289f000 	C:\Program Files\Android\Android Studio\jre\jre\bin\verify.dll
0x00007ffd11c80000 - 0x00007ffd11ca9000 	C:\Program Files\Android\Android Studio\jre\jre\bin\java.dll
0x00007ffd12870000 - 0x00007ffd12886000 	C:\Program Files\Android\Android Studio\jre\jre\bin\zip.dll
0x00007ffd18c90000 - 0x00007ffd193d1000 	C:\WINDOWS\System32\SHELL32.dll
0x00007ffd14d20000 - 0x00007ffd154b3000 	C:\WINDOWS\SYSTEM32\windows.storage.dll
0x00007ffd178e0000 - 0x00007ffd17c35000 	C:\WINDOWS\System32\combase.dll
0x00007ffd16870000 - 0x00007ffd1689c000 	C:\WINDOWS\SYSTEM32\Wldp.dll
0x00007ffd19490000 - 0x00007ffd1953e000 	C:\WINDOWS\System32\SHCORE.dll
0x00007ffd17d00000 - 0x00007ffd17d55000 	C:\WINDOWS\System32\shlwapi.dll
0x00007ffd16e00000 - 0x00007ffd16e26000 	C:\WINDOWS\SYSTEM32\profapi.dll
0x00007ffd11150000 - 0x00007ffd1116a000 	C:\Program Files\Android\Android Studio\jre\jre\bin\net.dll
0x00007ffd165f0000 - 0x00007ffd1665a000 	C:\WINDOWS\system32\mswsock.dll
0x00007ffd0ff20000 - 0x00007ffd0ff33000 	C:\Program Files\Android\Android Studio\jre\jre\bin\nio.dll

VM Arguments:
java_command: org.jetbrains.kotlin.cli.jvm.K2JVMCompiler @C:\Users\Aagam Shah\AndroidStudioProjects\CourseSwapBPHC\app\build\20200929_7211458833050914055.compiler.options
java_class_path (initial): C:\Users\Aagam Shah\.gradle\caches\modules-2\files-2.1\org.jetbrains.kotlin\kotlin-compiler-embeddable\1.4.10\38c4b99d5d5362debdd9302a866730379aa2328a\kotlin-compiler-embeddable-1.4.10.jar;C:\Users\Aagam Shah\.gradle\caches\modules-2\files-2.1\org.jetbrains.kotlin\kotlin-reflect\1.4.10\e2b3c6695eee6085e606d96d685396dce23a3a06\kotlin-reflect-1.4.10.jar;C:\Users\Aagam Shah\.gradle\caches\modules-2\files-2.1\org.jetbrains.kotlin\kotlin-stdlib\1.4.10\ea29e063d2bbe695be13e9d044dcfb0c7add398e\kotlin-stdlib-1.4.10.jar;C:\Users\Aagam Shah\.gradle\caches\modules-2\files-2.1\org.jetbrains.kotlin\kotlin-script-runtime\1.4.10\7c19d9c2001e016cd7664cebe9eea66fc04a7f4f\kotlin-script-runtime-1.4.10.jar;C:\Users\Aagam Shah\.gradle\caches\modules-2\files-2.1\org.jetbrains.kotlin\kotlin-daemon-embeddable\1.4.10\dbd67f42bed28043d17d7c860b06110a00a45970\kotlin-daemon-embeddable-1.4.10.jar;C:\Users\Aagam Shah\.gradle\caches\modules-2\files-2.1\org.jetbrains.intellij.deps\trove4j\1.0.20181211\216c2e14b070f334479d800987affe4054cd563f\trove4j-1.0.20181211.jar;C:\Users\Aagam Shah\.gradle\caches\modules-2\files-2.1\org.jetbrains.kotlin\kotlin-stdlib-common\1.4.10\6229be3465805c99db1142ad75e6c6ddeac0b04c\kotlin-stdlib-common-1.4.10.jar;C:\Users\Aagam Shah\.gradle\caches\modules-2\files-2.1\org.jetbrains\annotations\13.0\919f0dfe192fb4e063e7dacadee7f8bb9a2672a9\annotations-13.0.jar;C:\Program Files\Android\Android Studio\jre\lib\tools.jar
Launcher Type: SUN_STANDARD

Environment Variables:
PATH=C:\ProgramData\Anaconda3;C:\ProgramData\Anaconda3\Library\mingw-w64\bin;C:\ProgramData\Anaconda3\Library\usr\bin;C:\ProgramData\Anaconda3\Library\bin;C:\ProgramData\Anaconda3\Scripts;C:\WINDOWS\system32;C:\WINDOWS;C:\WINDOWS\System32\Wbem;C:\WINDOWS\System32\WindowsPowerShell\v1.0\;C:\WINDOWS\System32\OpenSSH\;C:\Program Files\Java\jdk-14.0.2\bin;C:\Android;C:\Windows\System32;C:\ProgramData\chocolatey\bin;C:\xampp\php;C:\ProgramData\ComposerSetup\bin;C:\Program Files (x86)\Intel\Intel(R) Management Engine Components\DAL;C:\Program Files\Intel\Intel(R) Management Engine Components\DAL;C:\Program Files\dotnet\;C:\Program Files\Git\cmd;C:\MinGW\bin;C:\Program Files\nodejs\;C:\Flutter_sdk\flutter\bin;C:\Users\Aagam Shah\AppData\Roaming\Composer\vendor\bin;C:\Users\Aagam Shah\AppData\Local\Microsoft\WindowsApps;C:\Users\Aagam Shah\AppData\Local\Programs\Microsoft VS Code\bin;C:\Users\Aagam Shah\.dotnet\tools;C:\Program Files\heroku\bin;C:\Users\Aagam Shah\AppData\Roaming\npm
USERNAME=Aagam Shah
OS=Windows_NT
PROCESSOR_IDENTIFIER=Intel64 Family 6 Model 142 Stepping 10, GenuineIntel



---------------  S Y S T E M  ---------------

OS: Windows 10.0 , 64 bit Build 19041 (10.0.19041.292)

CPU:total 8 (initial active 8) (4 cores per cpu, 2 threads per core) family 6 model 142 stepping 10, cmov, cx8, fxsr, mmx, sse, sse2, sse3, ssse3, sse4.1, sse4.2, popcnt, avx, avx2, aes, clmul, erms, 3dnowpref, lzcnt, ht, tsc, tscinvbit, bmi1, bmi2, adx

Memory: 4k page, physical 8286600k(385580k free), swap 12480904k(5708k free)

vm_info: OpenJDK 64-Bit Server VM (25.242-b01) for windows-amd64 JRE (1.8.0_242-release-1644-b01), built by "builder" with MS VC++ 10.0 (VS2010)

time: Tue Sep 29 10:18:55 2020
timezone: India Standard Time
elapsed time: 14 seconds (0d 0h 0m 14s)

