#
# There is insufficient memory for the Java Runtime Environment to continue.
# Native memory allocation (malloc) failed to allocate 32784 bytes for Chunk::new
# Possible reasons:
#   The system is out of physical RAM or swap space
#   The process is running with CompressedOops enabled, and the Java Heap may be blocking the growth of the native heap
# Possible solutions:
#   Reduce memory load on the system
#   Increase physical memory or swap space
#   Check if swap backing store is full
#   Decrease Java heap size (-Xmx/-Xms)
#   Decrease number of Java threads
#   Decrease Java thread stack sizes (-Xss)
#   Set larger code cache with -XX:ReservedCodeCacheSize=
#   JVM is running with Unscaled Compressed Oops mode in which the Java heap is
#     placed in the first 4GB address space. The Java Heap base address is the
#     maximum limit for the native heap growth. Please use -XX:HeapBaseMinAddress
#     to set the Java Heap base and to place the Java Heap above 4GB virtual address.
# This output file may be truncated or incomplete.
#
#  Out of Memory Error (allocation.cpp:389), pid=20592, tid=0x0000000000000578
#
# JRE version: OpenJDK Runtime Environment (8.0_242-b01) (build 1.8.0_242-release-1644-b01)
# Java VM: OpenJDK 64-Bit Server VM (25.242-b01 mixed mode windows-amd64 compressed oops)
# Failed to write core dump. Minidumps are not enabled by default on client versions of Windows
#

---------------  T H R E A D  ---------------

Current thread (0x0000000019d28000):  JavaThread "C2 CompilerThread1" daemon [_thread_in_native, id=1400, stack(0x000000001a6f0000,0x000000001a7f0000)]

Stack: [0x000000001a6f0000,0x000000001a7f0000]
[error occurred during error reporting (printing stack bounds), id 0xc0000005]

Native frames: (J=compiled Java code, j=interpreted, Vv=VM code, C=native code)


Current CompileTask:
C2:   4078 1999   !   4       java.net.URL::<init> (543 bytes)


---------------  P R O C E S S  ---------------

Java Threads: ( => current thread )
  0x0000000019dc3000 JavaThread "Service Thread" daemon [_thread_blocked, id=13932, stack(0x000000001a9f0000,0x000000001aaf0000)]
  0x0000000019d30800 JavaThread "C1 CompilerThread3" daemon [_thread_blocked, id=4588, stack(0x000000001a8f0000,0x000000001a9f0000)]
  0x0000000019d32000 JavaThread "C2 CompilerThread2" daemon [_thread_blocked, id=6856, stack(0x000000001a7f0000,0x000000001a8f0000)]
=>0x0000000019d28000 JavaThread "C2 CompilerThread1" daemon [_thread_in_native, id=1400, stack(0x000000001a6f0000,0x000000001a7f0000)]
  0x0000000019d22800 JavaThread "C2 CompilerThread0" daemon [_thread_blocked, id=13880, stack(0x000000001a5f0000,0x000000001a6f0000)]
  0x0000000019d21800 JavaThread "Attach Listener" daemon [_thread_blocked, id=17396, stack(0x000000001a4f0000,0x000000001a5f0000)]
  0x0000000019d20000 JavaThread "Signal Dispatcher" daemon [_thread_blocked, id=21784, stack(0x000000001a3f0000,0x000000001a4f0000)]
  0x0000000002f7c800 JavaThread "Finalizer" daemon [_thread_blocked, id=13328, stack(0x000000001a1f0000,0x000000001a2f0000)]
  0x0000000019d10800 JavaThread "Reference Handler" daemon [_thread_blocked, id=18296, stack(0x000000001a0f0000,0x000000001a1f0000)]
  0x0000000002e82800 JavaThread "main" [_thread_in_vm, id=17572, stack(0x0000000002cd0000,0x0000000002dd0000)]

Other Threads:
  0x0000000017f15800 VMThread [stack: 0x0000000019bf0000,0x0000000019cf0000] [id=4204]
  0x0000000019dd3800 WatcherThread [stack: 0x000000001aaf0000,0x000000001abf0000] [id=17772]

VM state:not at safepoint (normal execution)

VM Mutex/Monitor currently owned by a thread: None

heap address: 0x0000000081800000, size: 2024 MB, Compressed Oops mode: 32-bit
Narrow klass base: 0x0000000000000000, Narrow klass shift: 3
Compressed class space size: 1073741824 Address: 0x0000000100000000

Heap:
 PSYoungGen      total 54272K, used 19761K [0x00000000d5d80000, 0x00000000da880000, 0x0000000100000000)
  eden space 49152K, 29% used [0x00000000d5d80000,0x00000000d6bd3e58,0x00000000d8d80000)
  from space 5120K, 99% used [0x00000000da380000,0x00000000da8788f8,0x00000000da880000)
  to   space 5120K, 0% used [0x00000000d9e80000,0x00000000d9e80000,0x00000000da380000)
 ParOldGen       total 66560K, used 11093K [0x0000000081800000, 0x0000000085900000, 0x00000000d5d80000)
  object space 66560K, 16% used [0x0000000081800000,0x00000000822d5518,0x0000000085900000)
 Metaspace       used 25202K, capacity 25739K, committed 25984K, reserved 1073152K
  class space    used 2958K, capacity 3121K, committed 3200K, reserved 1048576K

Card table byte_map: [0x0000000012340000,0x0000000012740000] byte_map_base: 0x0000000011f34000

Marking Bits: (ParMarkBitMap*) 0x000000005acaf030
 Begin Bits: [0x00000000131f0000, 0x0000000015190000)
 End Bits:   [0x0000000015190000, 0x0000000017130000)

Polling page: 0x0000000001480000

CodeCache: size=245760Kb used=6379Kb max_used=6391Kb free=239380Kb
 bounds [0x0000000002f80000, 0x00000000035d0000, 0x0000000011f80000]
 total_blobs=2426 nmethods=1997 adapters=342
 compilation: enabled

Compilation events (10 events):
Event: 3.942 Thread 0x0000000019d30800 nmethod 1994 0x0000000003593590 code [0x0000000003593700, 0x00000000035939b0]
Event: 3.943 Thread 0x0000000019d30800 1995       3       org.jetbrains.kotlin.name.FqName::asString (16 bytes)
Event: 3.944 Thread 0x0000000019d30800 nmethod 1995 0x0000000003592fd0 code [0x0000000003593160, 0x0000000003593478]
Event: 3.944 Thread 0x0000000019d30800 1996       3       org.jetbrains.kotlin.name.FqNameUnsafe::asString (13 bytes)
Event: 3.944 Thread 0x0000000019d30800 nmethod 1996 0x0000000003592c10 code [0x0000000003592d80, 0x0000000003592f48]
Event: 3.944 Thread 0x0000000019d30800 1997       3       org.jetbrains.kotlin.name.FqName::<init> (26 bytes)
Event: 3.944 Thread 0x0000000019d30800 nmethod 1997 0x0000000003592410 code [0x00000000035925c0, 0x0000000003592a48]
Event: 3.975 Thread 0x0000000019d32000 1998       4       java.util.jar.Attributes$Name::hashCode (24 bytes)
Event: 3.983 Thread 0x0000000019d32000 nmethod 1998 0x0000000003591e50 code [0x0000000003591fa0, 0x0000000003592278]
Event: 4.035 Thread 0x0000000019d28000 1999   !   4       java.net.URL::<init> (543 bytes)

GC Heap History (10 events):
Event: 1.043 GC heap before
{Heap before GC invocations=1 (full 0):
 PSYoungGen      total 38400K, used 33280K [0x00000000d5d80000, 0x00000000d8800000, 0x0000000100000000)
  eden space 33280K, 100% used [0x00000000d5d80000,0x00000000d7e00000,0x00000000d7e00000)
  from space 5120K, 0% used [0x00000000d8300000,0x00000000d8300000,0x00000000d8800000)
  to   space 5120K, 0% used [0x00000000d7e00000,0x00000000d7e00000,0x00000000d8300000)
 ParOldGen       total 87552K, used 0K [0x0000000081800000, 0x0000000086d80000, 0x00000000d5d80000)
  object space 87552K, 0% used [0x0000000081800000,0x0000000081800000,0x0000000086d80000)
 Metaspace       used 10248K, capacity 10396K, committed 10624K, reserved 1058816K
  class space    used 1083K, capacity 1148K, committed 1152K, reserved 1048576K
Event: 1.052 GC heap after
Heap after GC invocations=1 (full 0):
 PSYoungGen      total 38400K, used 5107K [0x00000000d5d80000, 0x00000000d8800000, 0x0000000100000000)
  eden space 33280K, 0% used [0x00000000d5d80000,0x00000000d5d80000,0x00000000d7e00000)
  from space 5120K, 99% used [0x00000000d7e00000,0x00000000d82fce10,0x00000000d8300000)
  to   space 5120K, 0% used [0x00000000d8300000,0x00000000d8300000,0x00000000d8800000)
 ParOldGen       total 87552K, used 2581K [0x0000000081800000, 0x0000000086d80000, 0x00000000d5d80000)
  object space 87552K, 2% used [0x0000000081800000,0x0000000081a85548,0x0000000086d80000)
 Metaspace       used 10248K, capacity 10396K, committed 10624K, reserved 1058816K
  class space    used 1083K, capacity 1148K, committed 1152K, reserved 1048576K
}
Event: 2.152 GC heap before
{Heap before GC invocations=2 (full 0):
 PSYoungGen      total 38400K, used 38387K [0x00000000d5d80000, 0x00000000d8800000, 0x0000000100000000)
  eden space 33280K, 100% used [0x00000000d5d80000,0x00000000d7e00000,0x00000000d7e00000)
  from space 5120K, 99% used [0x00000000d7e00000,0x00000000d82fce10,0x00000000d8300000)
  to   space 5120K, 0% used [0x00000000d8300000,0x00000000d8300000,0x00000000d8800000)
 ParOldGen       total 87552K, used 2581K [0x0000000081800000, 0x0000000086d80000, 0x00000000d5d80000)
  object space 87552K, 2% used [0x0000000081800000,0x0000000081a85548,0x0000000086d80000)
 Metaspace       used 15779K, capacity 16138K, committed 16256K, reserved 1062912K
  class space    used 1803K, capacity 1917K, committed 1920K, reserved 1048576K
Event: 2.178 GC heap after
Heap after GC invocations=2 (full 0):
 PSYoungGen      total 38400K, used 5107K [0x00000000d5d80000, 0x00000000da880000, 0x0000000100000000)
  eden space 33280K, 0% used [0x00000000d5d80000,0x00000000d5d80000,0x00000000d7e00000)
  from space 5120K, 99% used [0x00000000d8300000,0x00000000d87fcca0,0x00000000d8800000)
  to   space 5120K, 0% used [0x00000000d7e00000,0x00000000d7e00000,0x00000000d8300000)
 ParOldGen       total 87552K, used 7484K [0x0000000081800000, 0x0000000086d80000, 0x00000000d5d80000)
  object space 87552K, 8% used [0x0000000081800000,0x0000000081f4f010,0x0000000086d80000)
 Metaspace       used 15779K, capacity 16138K, committed 16256K, reserved 1062912K
  class space    used 1803K, capacity 1917K, committed 1920K, reserved 1048576K
}
Event: 2.776 GC heap before
{Heap before GC invocations=3 (full 0):
 PSYoungGen      total 38400K, used 25886K [0x00000000d5d80000, 0x00000000da880000, 0x0000000100000000)
  eden space 33280K, 62% used [0x00000000d5d80000,0x00000000d71cac00,0x00000000d7e00000)
  from space 5120K, 99% used [0x00000000d8300000,0x00000000d87fcca0,0x00000000d8800000)
  to   space 5120K, 0% used [0x00000000d7e00000,0x00000000d7e00000,0x00000000d8300000)
 ParOldGen       total 87552K, used 7484K [0x0000000081800000, 0x0000000086d80000, 0x00000000d5d80000)
  object space 87552K, 8% used [0x0000000081800000,0x0000000081f4f010,0x0000000086d80000)
 Metaspace       used 20838K, capacity 21208K, committed 21248K, reserved 1069056K
  class space    used 2425K, capacity 2558K, committed 2560K, reserved 1048576K
Event: 2.785 GC heap after
Heap after GC invocations=3 (full 0):
 PSYoungGen      total 38400K, used 5091K [0x00000000d5d80000, 0x00000000da880000, 0x0000000100000000)
  eden space 33280K, 0% used [0x00000000d5d80000,0x00000000d5d80000,0x00000000d7e00000)
  from space 5120K, 99% used [0x00000000d7e00000,0x00000000d82f8cc0,0x00000000d8300000)
  to   space 5120K, 0% used [0x00000000da380000,0x00000000da380000,0x00000000da880000)
 ParOldGen       total 87552K, used 12001K [0x0000000081800000, 0x0000000086d80000, 0x00000000d5d80000)
  object space 87552K, 13% used [0x0000000081800000,0x00000000823b8760,0x0000000086d80000)
 Metaspace       used 20838K, capacity 21208K, committed 21248K, reserved 1069056K
  class space    used 2425K, capacity 2558K, committed 2560K, reserved 1048576K
}
Event: 2.785 GC heap before
{Heap before GC invocations=4 (full 1):
 PSYoungGen      total 38400K, used 5091K [0x00000000d5d80000, 0x00000000da880000, 0x0000000100000000)
  eden space 33280K, 0% used [0x00000000d5d80000,0x00000000d5d80000,0x00000000d7e00000)
  from space 5120K, 99% used [0x00000000d7e00000,0x00000000d82f8cc0,0x00000000d8300000)
  to   space 5120K, 0% used [0x00000000da380000,0x00000000da380000,0x00000000da880000)
 ParOldGen       total 87552K, used 12001K [0x0000000081800000, 0x0000000086d80000, 0x00000000d5d80000)
  object space 87552K, 13% used [0x0000000081800000,0x00000000823b8760,0x0000000086d80000)
 Metaspace       used 20838K, capacity 21208K, committed 21248K, reserved 1069056K
  class space    used 2425K, capacity 2558K, committed 2560K, reserved 1048576K
Event: 2.834 GC heap after
Heap after GC invocations=4 (full 1):
 PSYoungGen      total 38400K, used 0K [0x00000000d5d80000, 0x00000000da880000, 0x0000000100000000)
  eden space 33280K, 0% used [0x00000000d5d80000,0x00000000d5d80000,0x00000000d7e00000)
  from space 5120K, 0% used [0x00000000d7e00000,0x00000000d7e00000,0x00000000d8300000)
  to   space 5120K, 0% used [0x00000000da380000,0x00000000da380000,0x00000000da880000)
 ParOldGen       total 66560K, used 9488K [0x0000000081800000, 0x0000000085900000, 0x00000000d5d80000)
  object space 66560K, 14% used [0x0000000081800000,0x00000000821441a0,0x0000000085900000)
 Metaspace       used 20838K, capacity 21208K, committed 21248K, reserved 1069056K
  class space    used 2425K, capacity 2558K, committed 2560K, reserved 1048576K
}
Event: 3.649 GC heap before
{Heap before GC invocations=5 (full 1):
 PSYoungGen      total 38400K, used 33280K [0x00000000d5d80000, 0x00000000da880000, 0x0000000100000000)
  eden space 33280K, 100% used [0x00000000d5d80000,0x00000000d7e00000,0x00000000d7e00000)
  from space 5120K, 0% used [0x00000000d7e00000,0x00000000d7e00000,0x00000000d8300000)
  to   space 5120K, 0% used [0x00000000da380000,0x00000000da380000,0x00000000da880000)
 ParOldGen       total 66560K, used 9488K [0x0000000081800000, 0x0000000085900000, 0x00000000d5d80000)
  object space 66560K, 14% used [0x0000000081800000,0x00000000821441a0,0x0000000085900000)
 Metaspace       used 22887K, capacity 23369K, committed 23552K, reserved 1071104K
  class space    used 2679K, capacity 2800K, committed 2816K, reserved 1048576K
Event: 3.661 GC heap after
Heap after GC invocations=5 (full 1):
 PSYoungGen      total 54272K, used 5090K [0x00000000d5d80000, 0x00000000da880000, 0x0000000100000000)
  eden space 49152K, 0% used [0x00000000d5d80000,0x00000000d5d80000,0x00000000d8d80000)
  from space 5120K, 99% used [0x00000000da380000,0x00000000da8788f8,0x00000000da880000)
  to   space 5120K, 0% used [0x00000000d9e80000,0x00000000d9e80000,0x00000000da380000)
 ParOldGen       total 66560K, used 11093K [0x0000000081800000, 0x0000000085900000, 0x00000000d5d80000)
  object space 66560K, 16% used [0x0000000081800000,0x00000000822d5518,0x0000000085900000)
 Metaspace       used 22887K, capacity 23369K, committed 23552K, reserved 1071104K
  class space    used 2679K, capacity 2800K, committed 2816K, reserved 1048576K
}

Deoptimization events (10 events):
Event: 3.880 Thread 0x0000000002e82800 Uncommon trap: reason=class_check action=maybe_recompile pc=0x00000000034fd120 method=gnu.trove.TObjectHash.computeHashCode(Ljava/lang/Object;)I @ 5
Event: 3.880 Thread 0x0000000002e82800 Uncommon trap: reason=class_check action=maybe_recompile pc=0x00000000034fd120 method=gnu.trove.TObjectHash.computeHashCode(Ljava/lang/Object;)I @ 5
Event: 3.880 Thread 0x0000000002e82800 Uncommon trap: reason=class_check action=maybe_recompile pc=0x00000000034fd120 method=gnu.trove.TObjectHash.computeHashCode(Ljava/lang/Object;)I @ 5
Event: 3.880 Thread 0x0000000002e82800 Uncommon trap: reason=class_check action=maybe_recompile pc=0x00000000034fd120 method=gnu.trove.TObjectHash.computeHashCode(Ljava/lang/Object;)I @ 5
Event: 3.880 Thread 0x0000000002e82800 Uncommon trap: reason=class_check action=maybe_recompile pc=0x00000000034ecd08 method=gnu.trove.TObjectHash.equals(Ljava/lang/Object;Ljava/lang/Object;)Z @ 6
Event: 3.880 Thread 0x0000000002e82800 Uncommon trap: reason=class_check action=maybe_recompile pc=0x00000000034ecd08 method=gnu.trove.TObjectHash.equals(Ljava/lang/Object;Ljava/lang/Object;)Z @ 6
Event: 3.881 Thread 0x0000000002e82800 Uncommon trap: reason=class_check action=maybe_recompile pc=0x00000000034ecd08 method=gnu.trove.TObjectHash.equals(Ljava/lang/Object;Ljava/lang/Object;)Z @ 6
Event: 3.881 Thread 0x0000000002e82800 Uncommon trap: reason=class_check action=maybe_recompile pc=0x00000000034ecd08 method=gnu.trove.TObjectHash.equals(Ljava/lang/Object;Ljava/lang/Object;)Z @ 6
Event: 3.884 Thread 0x0000000002e82800 Uncommon trap: reason=class_check action=maybe_recompile pc=0x0000000003543f38 method=java.util.AbstractList.hashCode()I @ 3
Event: 3.885 Thread 0x0000000002e82800 Uncommon trap: reason=class_check action=maybe_recompile pc=0x0000000003543f38 method=java.util.AbstractList.hashCode()I @ 3

Classes redefined (0 events):
No events

Internal exceptions (10 events):
Event: 0.988 Thread 0x0000000002e82800 Exception <a 'java/lang/ArrayIndexOutOfBoundsException'> (0x00000000d7b1bd70) thrown at [C:\src\AOSP-openjdk-git\hotspot\src\share\vm\runtime\sharedRuntime.cpp, line 605]
Event: 1.228 Thread 0x0000000002e82800 Exception <a 'java/lang/ArrayIndexOutOfBoundsException'> (0x00000000d646ac90) thrown at [C:\src\AOSP-openjdk-git\hotspot\src\share\vm\runtime\sharedRuntime.cpp, line 605]
Event: 2.402 Thread 0x0000000002e82800 Exception <a 'java/lang/NoSuchMethodError': java.lang.Object.lambda$comparing$77a9974f$1(Ljava/util/function/Function;Ljava/lang/Object;Ljava/lang/Object;)I> (0x00000000d622c840) thrown at [C:\src\AOSP-openjdk-git\hotspot\src\share\vm\interpreter\linkReso
Event: 2.425 Thread 0x0000000002e82800 Exception <a 'java/lang/NoSuchMethodError': java.lang.Object.lambda$static$0()J> (0x00000000d6331b30) thrown at [C:\src\AOSP-openjdk-git\hotspot\src\share\vm\interpreter\linkResolver.cpp, line 620]
Event: 2.625 Thread 0x0000000002e82800 Exception <a 'java/lang/NoSuchMethodError': java.lang.Object.lambda$static$0(I)[Lorg/jetbrains/kotlin/com/intellij/openapi/editor/event/DocumentListener;> (0x00000000d6a8e818) thrown at [C:\src\AOSP-openjdk-git\hotspot\src\share\vm\interpreter\linkResolve
Event: 2.680 Thread 0x0000000002e82800 Exception <a 'java/lang/NoSuchMethodError': java.lang.Object.lambda$static$0(I)[Lorg/jetbrains/kotlin/com/intellij/psi/PsiAnnotation;> (0x00000000d6cad700) thrown at [C:\src\AOSP-openjdk-git\hotspot\src\share\vm\interpreter\linkResolver.cpp, line 620]
Event: 2.878 Thread 0x0000000002e82800 Exception <a 'java/lang/NoSuchMethodError': java.lang.Object.lambda$static$0(I)[Lorg/jetbrains/kotlin/com/intellij/psi/PsiElement;> (0x00000000d5ef06d0) thrown at [C:\src\AOSP-openjdk-git\hotspot\src\share\vm\interpreter\linkResolver.cpp, line 620]
Event: 3.836 Thread 0x0000000002e82800 Implicit null exception at 0x00000000033aacd4 to 0x00000000033aaf1d
Event: 3.837 Thread 0x0000000002e82800 Implicit null exception at 0x00000000033a08bb to 0x00000000033a0f15
Event: 3.839 Thread 0x0000000002e82800 Implicit null exception at 0x00000000032010ef to 0x0000000003201159

Events (10 events):
Event: 4.070 loading class org/jetbrains/kotlin/metadata/ProtoBuf$Property
Event: 4.070 loading class org/jetbrains/kotlin/metadata/ProtoBuf$Property done
Event: 4.071 loading class org/jetbrains/kotlin/metadata/ProtoBuf$PropertyOrBuilder
Event: 4.071 loading class org/jetbrains/kotlin/metadata/ProtoBuf$PropertyOrBuilder done
Event: 4.074 loading class org/jetbrains/kotlin/metadata/ProtoBuf$Property$1
Event: 4.074 loading class org/jetbrains/kotlin/metadata/ProtoBuf$Property$1 done
Event: 4.075 loading class org/jetbrains/kotlin/metadata/ProtoBuf$ValueParameter
Event: 4.075 loading class org/jetbrains/kotlin/metadata/ProtoBuf$ValueParameter done
Event: 4.076 loading class org/jetbrains/kotlin/metadata/ProtoBuf$ValueParameterOrBuilder
Event: 4.076 loading class org/jetbrains/kotlin/metadata/ProtoBuf$ValueParameterOrBuilder done


Dynamic libraries:
0x00007ff7f3fc0000 - 0x00007ff7f3ff1000 	C:\Program Files\Android\Android Studio\jre\jre\bin\java.exe
0x00007ffd19790000 - 0x00007ffd19985000 	C:\WINDOWS\SYSTEM32\ntdll.dll
0x00007ffd18ae0000 - 0x00007ffd18b9d000 	C:\WINDOWS\System32\KERNEL32.DLL
0x00007ffd172e0000 - 0x00007ffd175a7000 	C:\WINDOWS\System32\KERNELBASE.dll
0x00007ffd193e0000 - 0x00007ffd1948a000 	C:\WINDOWS\System32\ADVAPI32.dll
0x00007ffd188e0000 - 0x00007ffd1897e000 	C:\WINDOWS\System32\msvcrt.dll
0x00007ffd18840000 - 0x00007ffd188db000 	C:\WINDOWS\System32\sechost.dll
0x00007ffd189b0000 - 0x00007ffd18ad4000 	C:\WINDOWS\System32\RPCRT4.dll
0x00007ffd18380000 - 0x00007ffd18520000 	C:\WINDOWS\System32\USER32.dll
0x00007ffd172b0000 - 0x00007ffd172d2000 	C:\WINDOWS\System32\win32u.dll
0x00007ffd18980000 - 0x00007ffd189aa000 	C:\WINDOWS\System32\GDI32.dll
0x00007ffd175b0000 - 0x00007ffd176b9000 	C:\WINDOWS\System32\gdi32full.dll
0x00007ffd171c0000 - 0x00007ffd1725d000 	C:\WINDOWS\System32\msvcp_win.dll
0x00007ffd176c0000 - 0x00007ffd177c0000 	C:\WINDOWS\System32\ucrtbase.dll
0x00007ffd0acf0000 - 0x00007ffd0af8b000 	C:\WINDOWS\WinSxS\amd64_microsoft.windows.common-controls_6595b64144ccf1df_6.0.19041.488_none_ca04af081b815d21\COMCTL32.dll
0x00007ffd18810000 - 0x00007ffd18840000 	C:\WINDOWS\System32\IMM32.DLL
0x000000005a320000 - 0x000000005a3f2000 	C:\Program Files\Android\Android Studio\jre\jre\bin\msvcr100.dll
0x000000005a4e0000 - 0x000000005ad2b000 	C:\Program Files\Android\Android Studio\jre\jre\bin\server\jvm.dll
0x00007ffd18c80000 - 0x00007ffd18c88000 	C:\WINDOWS\System32\PSAPI.DLL
0x00007ffd0d800000 - 0x00007ffd0d827000 	C:\WINDOWS\SYSTEM32\WINMM.dll
0x00007ffd10bb0000 - 0x00007ffd10bba000 	C:\WINDOWS\SYSTEM32\VERSION.dll
0x00007ffd099e0000 - 0x00007ffd099e9000 	C:\WINDOWS\SYSTEM32\WSOCK32.dll
0x00007ffd195a0000 - 0x00007ffd1960b000 	C:\WINDOWS\System32\WS2_32.dll
0x00007ffd12890000 - 0x00007ffd1289f000 	C:\Program Files\Android\Android Studio\jre\jre\bin\verify.dll
0x00007ffd11c80000 - 0x00007ffd11ca9000 	C:\Program Files\Android\Android Studio\jre\jre\bin\java.dll
0x00007ffd12870000 - 0x00007ffd12886000 	C:\Program Files\Android\Android Studio\jre\jre\bin\zip.dll
0x00007ffd18c90000 - 0x00007ffd193d1000 	C:\WINDOWS\System32\SHELL32.dll
0x00007ffd14d20000 - 0x00007ffd154b3000 	C:\WINDOWS\SYSTEM32\windows.storage.dll
0x00007ffd178e0000 - 0x00007ffd17c35000 	C:\WINDOWS\System32\combase.dll
0x00007ffd16870000 - 0x00007ffd1689c000 	C:\WINDOWS\SYSTEM32\Wldp.dll
0x00007ffd19490000 - 0x00007ffd1953e000 	C:\WINDOWS\System32\SHCORE.dll
0x00007ffd17d00000 - 0x00007ffd17d55000 	C:\WINDOWS\System32\shlwapi.dll
0x00007ffd16e00000 - 0x00007ffd16e26000 	C:\WINDOWS\SYSTEM32\profapi.dll
0x00007ffd11150000 - 0x00007ffd1116a000 	C:\Program Files\Android\Android Studio\jre\jre\bin\net.dll
0x00007ffd165f0000 - 0x00007ffd1665a000 	C:\WINDOWS\system32\mswsock.dll
0x00007ffd0ff20000 - 0x00007ffd0ff33000 	C:\Program Files\Android\Android Studio\jre\jre\bin\nio.dll

VM Arguments:
java_command: org.jetbrains.kotlin.cli.jvm.K2JVMCompiler @C:\Users\Aagam Shah\AndroidStudioProjects\CourseSwapBPHC\app\build\20200929_2226800561278969719.compiler.options
java_class_path (initial): C:\Users\Aagam Shah\.gradle\caches\modules-2\files-2.1\org.jetbrains.kotlin\kotlin-compiler-embeddable\1.4.10\38c4b99d5d5362debdd9302a866730379aa2328a\kotlin-compiler-embeddable-1.4.10.jar;C:\Users\Aagam Shah\.gradle\caches\modules-2\files-2.1\org.jetbrains.kotlin\kotlin-reflect\1.4.10\e2b3c6695eee6085e606d96d685396dce23a3a06\kotlin-reflect-1.4.10.jar;C:\Users\Aagam Shah\.gradle\caches\modules-2\files-2.1\org.jetbrains.kotlin\kotlin-stdlib\1.4.10\ea29e063d2bbe695be13e9d044dcfb0c7add398e\kotlin-stdlib-1.4.10.jar;C:\Users\Aagam Shah\.gradle\caches\modules-2\files-2.1\org.jetbrains.kotlin\kotlin-script-runtime\1.4.10\7c19d9c2001e016cd7664cebe9eea66fc04a7f4f\kotlin-script-runtime-1.4.10.jar;C:\Users\Aagam Shah\.gradle\caches\modules-2\files-2.1\org.jetbrains.kotlin\kotlin-daemon-embeddable\1.4.10\dbd67f42bed28043d17d7c860b06110a00a45970\kotlin-daemon-embeddable-1.4.10.jar;C:\Users\Aagam Shah\.gradle\caches\modules-2\files-2.1\org.jetbrains.intellij.deps\trove4j\1.0.20181211\216c2e14b070f334479d800987affe4054cd563f\trove4j-1.0.20181211.jar;C:\Users\Aagam Shah\.gradle\caches\modules-2\files-2.1\org.jetbrains.kotlin\kotlin-stdlib-common\1.4.10\6229be3465805c99db1142ad75e6c6ddeac0b04c\kotlin-stdlib-common-1.4.10.jar;C:\Users\Aagam Shah\.gradle\caches\modules-2\files-2.1\org.jetbrains\annotations\13.0\919f0dfe192fb4e063e7dacadee7f8bb9a2672a9\annotations-13.0.jar;C:\Program Files\Android\Android Studio\jre\lib\tools.jar
Launcher Type: SUN_STANDARD

Environment Variables:
PATH=C:\ProgramData\Anaconda3;C:\ProgramData\Anaconda3\Library\mingw-w64\bin;C:\ProgramData\Anaconda3\Library\usr\bin;C:\ProgramData\Anaconda3\Library\bin;C:\ProgramData\Anaconda3\Scripts;C:\WINDOWS\system32;C:\WINDOWS;C:\WINDOWS\System32\Wbem;C:\WINDOWS\System32\WindowsPowerShell\v1.0\;C:\WINDOWS\System32\OpenSSH\;C:\Program Files\Java\jdk-14.0.2\bin;C:\Android;C:\Windows\System32;C:\ProgramData\chocolatey\bin;C:\xampp\php;C:\ProgramData\ComposerSetup\bin;C:\Program Files (x86)\Intel\Intel(R) Management Engine Components\DAL;C:\Program Files\Intel\Intel(R) Management Engine Components\DAL;C:\Program Files\dotnet\;C:\Program Files\Git\cmd;C:\MinGW\bin;C:\Program Files\nodejs\;C:\Flutter_sdk\flutter\bin;C:\Users\Aagam Shah\AppData\Roaming\Composer\vendor\bin;C:\Users\Aagam Shah\AppData\Local\Microsoft\WindowsApps;C:\Users\Aagam Shah\AppData\Local\Programs\Microsoft VS Code\bin;C:\Users\Aagam Shah\.dotnet\tools;C:\Program Files\heroku\bin;C:\Users\Aagam Shah\AppData\Roaming\npm
USERNAME=Aagam Shah
OS=Windows_NT
PROCESSOR_IDENTIFIER=Intel64 Family 6 Model 142 Stepping 10, GenuineIntel



---------------  S Y S T E M  ---------------

OS: Windows 10.0 , 64 bit Build 19041 (10.0.19041.292)

CPU:total 8 (initial active 8) (4 cores per cpu, 2 threads per core) family 6 model 142 stepping 10, cmov, cx8, fxsr, mmx, sse, sse2, sse3, ssse3, sse4.1, sse4.2, popcnt, avx, avx2, aes, clmul, erms, 3dnowpref, lzcnt, ht, tsc, tscinvbit, bmi1, bmi2, adx

Memory: 4k page, physical 8286600k(393584k free), swap 12480904k(4140k free)

vm_info: OpenJDK 64-Bit Server VM (25.242-b01) for windows-amd64 JRE (1.8.0_242-release-1644-b01), built by "builder" with MS VC++ 10.0 (VS2010)

time: Tue Sep 29 10:31:34 2020
timezone: India Standard Time
elapsed time: 4 seconds (0d 0h 0m 4s)

