#
# There is insufficient memory for the Java Runtime Environment to continue.
# Native memory allocation (malloc) failed to allocate 426176 bytes for Chunk::new
# Possible reasons:
#   The system is out of physical RAM or swap space
#   The process is running with CompressedOops enabled, and the Java Heap may be blocking the growth of the native heap
# Possible solutions:
#   Reduce memory load on the system
#   Increase physical memory or swap space
#   Check if swap backing store is full
#   Decrease Java heap size (-Xmx/-Xms)
#   Decrease number of Java threads
#   Decrease Java thread stack sizes (-Xss)
#   Set larger code cache with -XX:ReservedCodeCacheSize=
#   JVM is running with Unscaled Compressed Oops mode in which the Java heap is
#     placed in the first 4GB address space. The Java Heap base address is the
#     maximum limit for the native heap growth. Please use -XX:HeapBaseMinAddress
#     to set the Java Heap base and to place the Java Heap above 4GB virtual address.
# This output file may be truncated or incomplete.
#
#  Out of Memory Error (allocation.cpp:389), pid=3716, tid=0x00000000000045f0
#
# JRE version: OpenJDK Runtime Environment (8.0_242-b01) (build 1.8.0_242-release-1644-b01)
# Java VM: OpenJDK 64-Bit Server VM (25.242-b01 mixed mode windows-amd64 compressed oops)
# Failed to write core dump. Minidumps are not enabled by default on client versions of Windows
#

---------------  T H R E A D  ---------------

Current thread (0x0000000019419000):  JavaThread "C2 CompilerThread1" daemon [_thread_in_native, id=17904, stack(0x0000000019de0000,0x0000000019ee0000)]

Stack: [0x0000000019de0000,0x0000000019ee0000]
[error occurred during error reporting (printing stack bounds), id 0xc0000005]

Native frames: (J=compiled Java code, j=interpreted, Vv=VM code, C=native code)


Current CompileTask:
C2:  10978 3826 %     4       org.jetbrains.kotlin.cli.jvm.index.JvmDependenciesIndexImpl::search @ 186 (394 bytes)


---------------  P R O C E S S  ---------------

Java Threads: ( => current thread )
  0x00000000194b7000 JavaThread "Service Thread" daemon [_thread_blocked, id=11644, stack(0x000000001a0e0000,0x000000001a1e0000)]
  0x0000000019425000 JavaThread "C1 CompilerThread3" daemon [_thread_blocked, id=11904, stack(0x0000000019fe0000,0x000000001a0e0000)]
  0x0000000019423800 JavaThread "C2 CompilerThread2" daemon [_thread_blocked, id=9100, stack(0x0000000019ee0000,0x0000000019fe0000)]
=>0x0000000019419000 JavaThread "C2 CompilerThread1" daemon [_thread_in_native, id=17904, stack(0x0000000019de0000,0x0000000019ee0000)]
  0x0000000019416800 JavaThread "C2 CompilerThread0" daemon [_thread_blocked, id=15860, stack(0x0000000019ce0000,0x0000000019de0000)]
  0x0000000019415000 JavaThread "Attach Listener" daemon [_thread_blocked, id=21660, stack(0x0000000019be0000,0x0000000019ce0000)]
  0x0000000019414000 JavaThread "Signal Dispatcher" daemon [_thread_blocked, id=6316, stack(0x0000000019ae0000,0x0000000019be0000)]
  0x00000000175ec800 JavaThread "Finalizer" daemon [_thread_blocked, id=21480, stack(0x00000000198e0000,0x00000000199e0000)]
  0x0000000002648000 JavaThread "Reference Handler" daemon [_thread_blocked, id=10052, stack(0x00000000197e0000,0x00000000198e0000)]
  0x0000000002552800 JavaThread "main" [_thread_in_native, id=13092, stack(0x0000000002430000,0x0000000002530000)]

Other Threads:
  0x00000000175e6000 VMThread [stack: 0x00000000192e0000,0x00000000193e0000] [id=15544]
  0x00000000194c8000 WatcherThread [stack: 0x000000001a1e0000,0x000000001a2e0000] [id=544]

VM state:not at safepoint (normal execution)

VM Mutex/Monitor currently owned by a thread: None

heap address: 0x0000000081800000, size: 2024 MB, Compressed Oops mode: 32-bit
Narrow klass base: 0x0000000000000000, Narrow klass shift: 3
Compressed class space size: 1073741824 Address: 0x0000000100000000

Heap:
 PSYoungGen      total 71680K, used 10404K [0x00000000d5d80000, 0x00000000dc300000, 0x0000000100000000)
  eden space 66560K, 7% used [0x00000000d5d80000,0x00000000d62ab3c8,0x00000000d9e80000)
  from space 5120K, 99% used [0x00000000d9e80000,0x00000000da37dcd8,0x00000000da380000)
  to   space 17408K, 0% used [0x00000000db200000,0x00000000db200000,0x00000000dc300000)
 ParOldGen       total 63488K, used 37469K [0x0000000081800000, 0x0000000085600000, 0x00000000d5d80000)
  object space 63488K, 59% used [0x0000000081800000,0x0000000083c97538,0x0000000085600000)
 Metaspace       used 43344K, capacity 44132K, committed 44376K, reserved 1087488K
  class space    used 5540K, capacity 5755K, committed 5760K, reserved 1048576K

Card table byte_map: [0x0000000011a10000,0x0000000011e10000] byte_map_base: 0x0000000011604000

Marking Bits: (ParMarkBitMap*) 0x000000005acaf030
 Begin Bits: [0x00000000128c0000, 0x0000000014860000)
 End Bits:   [0x0000000014860000, 0x0000000016800000)

Polling page: 0x0000000000740000

CodeCache: size=245760Kb used=12526Kb max_used=12538Kb free=233233Kb
 bounds [0x0000000002650000, 0x00000000032a0000, 0x0000000011650000]
 total_blobs=4278 nmethods=3809 adapters=382
 compilation: enabled

Compilation events (10 events):
Event: 10.884 Thread 0x0000000019423800 3825       4       java.util.regex.Matcher::search (109 bytes)
Event: 10.885 Thread 0x0000000019425000 nmethod 3824 0x000000000328efd0 code [0x000000000328f2a0, 0x0000000003290858]
Event: 10.885 Thread 0x0000000019425000 3823       3       java.lang.invoke.MethodHandles$Lookup::maybeBindCaller (44 bytes)
Event: 10.888 Thread 0x0000000019425000 nmethod 3823 0x0000000003291090 code [0x0000000003291260, 0x0000000003291bd8]
Event: 10.888 Thread 0x0000000019419000 3826 %     4       org.jetbrains.kotlin.cli.jvm.index.JvmDependenciesIndexImpl::search @ 186 (394 bytes)
Event: 10.889 Thread 0x0000000019425000 3827       3       org.jetbrains.kotlin.load.kotlin.JvmPackagePartProviderBase::getPackageParts (138 bytes)
Event: 10.894 Thread 0x0000000019425000 nmethod 3827 0x0000000003291f90 code [0x00000000032922e0, 0x00000000032940a8]
Event: 10.894 Thread 0x0000000019425000 3821       3       java.lang.invoke.MethodHandles$Lookup::checkMethod (83 bytes)
Event: 10.896 Thread 0x0000000019425000 nmethod 3821 0x0000000003295210 code [0x00000000032953e0, 0x0000000003295e18]
Event: 10.915 Thread 0x0000000019423800 nmethod 3825 0x0000000003299450 code [0x00000000032995c0, 0x0000000003299c58]

GC Heap History (10 events):
Event: 5.442 GC heap before
{Heap before GC invocations=5 (full 1):
 PSYoungGen      total 38400K, used 33280K [0x00000000d5d80000, 0x00000000da880000, 0x0000000100000000)
  eden space 33280K, 100% used [0x00000000d5d80000,0x00000000d7e00000,0x00000000d7e00000)
  from space 5120K, 0% used [0x00000000d7e00000,0x00000000d7e00000,0x00000000d8300000)
  to   space 5120K, 0% used [0x00000000da380000,0x00000000da380000,0x00000000da880000)
 ParOldGen       total 63488K, used 9516K [0x0000000081800000, 0x0000000085600000, 0x00000000d5d80000)
  object space 63488K, 14% used [0x0000000081800000,0x000000008214b368,0x0000000085600000)
 Metaspace       used 22880K, capacity 23369K, committed 23552K, reserved 1071104K
  class space    used 2679K, capacity 2800K, committed 2816K, reserved 1048576K
Event: 5.449 GC heap after
Heap after GC invocations=5 (full 1):
 PSYoungGen      total 56832K, used 5090K [0x00000000d5d80000, 0x00000000da880000, 0x0000000100000000)
  eden space 51712K, 0% used [0x00000000d5d80000,0x00000000d5d80000,0x00000000d9000000)
  from space 5120K, 99% used [0x00000000da380000,0x00000000da8788f8,0x00000000da880000)
  to   space 5120K, 0% used [0x00000000d9e80000,0x00000000d9e80000,0x00000000da380000)
 ParOldGen       total 63488K, used 11137K [0x0000000081800000, 0x0000000085600000, 0x00000000d5d80000)
  object space 63488K, 17% used [0x0000000081800000,0x00000000822e05a8,0x0000000085600000)
 Metaspace       used 22880K, capacity 23369K, committed 23552K, reserved 1071104K
  class space    used 2679K, capacity 2800K, committed 2816K, reserved 1048576K
}
Event: 7.227 GC heap before
{Heap before GC invocations=6 (full 1):
 PSYoungGen      total 56832K, used 56802K [0x00000000d5d80000, 0x00000000da880000, 0x0000000100000000)
  eden space 51712K, 100% used [0x00000000d5d80000,0x00000000d9000000,0x00000000d9000000)
  from space 5120K, 99% used [0x00000000da380000,0x00000000da8788f8,0x00000000da880000)
  to   space 5120K, 0% used [0x00000000d9e80000,0x00000000d9e80000,0x00000000da380000)
 ParOldGen       total 63488K, used 11137K [0x0000000081800000, 0x0000000085600000, 0x00000000d5d80000)
  object space 63488K, 17% used [0x0000000081800000,0x00000000822e05a8,0x0000000085600000)
 Metaspace       used 31301K, capacity 31788K, committed 32128K, reserved 1077248K
  class space    used 3781K, capacity 3959K, committed 3968K, reserved 1048576K
Event: 7.260 GC heap after
Heap after GC invocations=6 (full 1):
 PSYoungGen      total 56832K, used 5090K [0x00000000d5d80000, 0x00000000da880000, 0x0000000100000000)
  eden space 51712K, 0% used [0x00000000d5d80000,0x00000000d5d80000,0x00000000d9000000)
  from space 5120K, 99% used [0x00000000d9e80000,0x00000000da378908,0x00000000da380000)
  to   space 5120K, 0% used [0x00000000da380000,0x00000000da380000,0x00000000da880000)
 ParOldGen       total 63488K, used 24397K [0x0000000081800000, 0x0000000085600000, 0x00000000d5d80000)
  object space 63488K, 38% used [0x0000000081800000,0x0000000082fd34b0,0x0000000085600000)
 Metaspace       used 31301K, capacity 31788K, committed 32128K, reserved 1077248K
  class space    used 3781K, capacity 3959K, committed 3968K, reserved 1048576K
}
Event: 8.383 GC heap before
{Heap before GC invocations=7 (full 1):
 PSYoungGen      total 56832K, used 23463K [0x00000000d5d80000, 0x00000000da880000, 0x0000000100000000)
  eden space 51712K, 35% used [0x00000000d5d80000,0x00000000d6f71638,0x00000000d9000000)
  from space 5120K, 99% used [0x00000000d9e80000,0x00000000da378908,0x00000000da380000)
  to   space 5120K, 0% used [0x00000000da380000,0x00000000da380000,0x00000000da880000)
 ParOldGen       total 63488K, used 24397K [0x0000000081800000, 0x0000000085600000, 0x00000000d5d80000)
  object space 63488K, 38% used [0x0000000081800000,0x0000000082fd34b0,0x0000000085600000)
 Metaspace       used 34632K, capacity 35080K, committed 35416K, reserved 1081344K
  class space    used 4344K, capacity 4477K, committed 4480K, reserved 1048576K
Event: 8.400 GC heap after
Heap after GC invocations=7 (full 1):
 PSYoungGen      total 56832K, used 5099K [0x00000000d5d80000, 0x00000000da880000, 0x0000000100000000)
  eden space 51712K, 0% used [0x00000000d5d80000,0x00000000d5d80000,0x00000000d9000000)
  from space 5120K, 99% used [0x00000000da380000,0x00000000da87adc8,0x00000000da880000)
  to   space 5120K, 0% used [0x00000000d9e80000,0x00000000d9e80000,0x00000000da380000)
 ParOldGen       total 63488K, used 28962K [0x0000000081800000, 0x0000000085600000, 0x00000000d5d80000)
  object space 63488K, 45% used [0x0000000081800000,0x0000000083448ad0,0x0000000085600000)
 Metaspace       used 34632K, capacity 35080K, committed 35416K, reserved 1081344K
  class space    used 4344K, capacity 4477K, committed 4480K, reserved 1048576K
}
Event: 8.400 GC heap before
{Heap before GC invocations=8 (full 2):
 PSYoungGen      total 56832K, used 5099K [0x00000000d5d80000, 0x00000000da880000, 0x0000000100000000)
  eden space 51712K, 0% used [0x00000000d5d80000,0x00000000d5d80000,0x00000000d9000000)
  from space 5120K, 99% used [0x00000000da380000,0x00000000da87adc8,0x00000000da880000)
  to   space 5120K, 0% used [0x00000000d9e80000,0x00000000d9e80000,0x00000000da380000)
 ParOldGen       total 63488K, used 28962K [0x0000000081800000, 0x0000000085600000, 0x00000000d5d80000)
  object space 63488K, 45% used [0x0000000081800000,0x0000000083448ad0,0x0000000085600000)
 Metaspace       used 34632K, capacity 35080K, committed 35416K, reserved 1081344K
  class space    used 4344K, capacity 4477K, committed 4480K, reserved 1048576K
Event: 8.589 GC heap after
Heap after GC invocations=8 (full 2):
 PSYoungGen      total 56832K, used 0K [0x00000000d5d80000, 0x00000000da880000, 0x0000000100000000)
  eden space 51712K, 0% used [0x00000000d5d80000,0x00000000d5d80000,0x00000000d9000000)
  from space 5120K, 0% used [0x00000000da380000,0x00000000da380000,0x00000000da880000)
  to   space 5120K, 0% used [0x00000000d9e80000,0x00000000d9e80000,0x00000000da380000)
 ParOldGen       total 63488K, used 28593K [0x0000000081800000, 0x0000000085600000, 0x00000000d5d80000)
  object space 63488K, 45% used [0x0000000081800000,0x00000000833ec780,0x0000000085600000)
 Metaspace       used 34632K, capacity 35080K, committed 35416K, reserved 1081344K
  class space    used 4344K, capacity 4477K, committed 4480K, reserved 1048576K
}
Event: 10.536 GC heap before
{Heap before GC invocations=9 (full 2):
 PSYoungGen      total 56832K, used 51712K [0x00000000d5d80000, 0x00000000da880000, 0x0000000100000000)
  eden space 51712K, 100% used [0x00000000d5d80000,0x00000000d9000000,0x00000000d9000000)
  from space 5120K, 0% used [0x00000000da380000,0x00000000da380000,0x00000000da880000)
  to   space 5120K, 0% used [0x00000000d9e80000,0x00000000d9e80000,0x00000000da380000)
 ParOldGen       total 63488K, used 28593K [0x0000000081800000, 0x0000000085600000, 0x00000000d5d80000)
  object space 63488K, 45% used [0x0000000081800000,0x00000000833ec780,0x0000000085600000)
 Metaspace       used 41886K, capacity 42616K, committed 43096K, reserved 1087488K
  class space    used 5264K, capacity 5457K, committed 5504K, reserved 1048576K
Event: 10.570 GC heap after
Heap after GC invocations=9 (full 2):
 PSYoungGen      total 71680K, used 5111K [0x00000000d5d80000, 0x00000000dc300000, 0x0000000100000000)
  eden space 66560K, 0% used [0x00000000d5d80000,0x00000000d5d80000,0x00000000d9e80000)
  from space 5120K, 99% used [0x00000000d9e80000,0x00000000da37dcd8,0x00000000da380000)
  to   space 17408K, 0% used [0x00000000db200000,0x00000000db200000,0x00000000dc300000)
 ParOldGen       total 63488K, used 37469K [0x0000000081800000, 0x0000000085600000, 0x00000000d5d80000)
  object space 63488K, 59% used [0x0000000081800000,0x0000000083c97538,0x0000000085600000)
 Metaspace       used 41886K, capacity 42616K, committed 43096K, reserved 1087488K
  class space    used 5264K, capacity 5457K, committed 5504K, reserved 1048576K
}

Deoptimization events (10 events):
Event: 9.830 Thread 0x0000000002552800 Uncommon trap: reason=class_check action=maybe_recompile pc=0x00000000030cd640 method=org.jetbrains.kotlin.load.java.structure.impl.classFiles.BinaryClassSignatureParser.parseParameterizedClassRefSignature(Ljava/text/CharacterIterator;Lorg/jetbrains/kotli
Event: 9.830 Thread 0x0000000002552800 Uncommon trap: reason=class_check action=maybe_recompile pc=0x00000000030cd640 method=org.jetbrains.kotlin.load.java.structure.impl.classFiles.BinaryClassSignatureParser.parseParameterizedClassRefSignature(Ljava/text/CharacterIterator;Lorg/jetbrains/kotli
Event: 9.830 Thread 0x0000000002552800 Uncommon trap: reason=class_check action=maybe_recompile pc=0x00000000030cd640 method=org.jetbrains.kotlin.load.java.structure.impl.classFiles.BinaryClassSignatureParser.parseParameterizedClassRefSignature(Ljava/text/CharacterIterator;Lorg/jetbrains/kotli
Event: 9.953 Thread 0x0000000002552800 Uncommon trap: reason=unstable_if action=reinterpret pc=0x00000000030255a0 method=java.text.StringCharacterIterator.current()C @ 19
Event: 10.152 Thread 0x0000000002552800 Uncommon trap: reason=unstable_if action=reinterpret pc=0x000000000311f500 method=kotlin.internal.ProgressionUtilKt.getProgressionLastElement(III)I @ 7
Event: 10.214 Thread 0x0000000002552800 Uncommon trap: reason=bimorphic action=maybe_recompile pc=0x00000000031f8ca4 method=org.jetbrains.org.objectweb.asm.ClassReader.readMethod(Lorg/jetbrains/org/objectweb/asm/ClassVisitor;Lorg/jetbrains/org/objectweb/asm/Context;I)I @ 515
Event: 10.226 Thread 0x0000000002552800 Uncommon trap: reason=predicate action=maybe_recompile pc=0x00000000030afb44 method=java.util.regex.Pattern$Start.match(Ljava/util/regex/Matcher;ILjava/lang/CharSequence;)Z @ 37
Event: 10.226 Thread 0x0000000002552800 Uncommon trap: reason=unstable_if action=reinterpret pc=0x0000000002de85f8 method=java.lang.AbstractStringBuilder.append(Ljava/lang/CharSequence;)Ljava/lang/AbstractStringBuilder; @ 29
Event: 10.571 Thread 0x0000000002552800 Uncommon trap: reason=unstable_if action=reinterpret pc=0x0000000002d7b904 method=java.util.concurrent.ConcurrentHashMap.get(Ljava/lang/Object;)Ljava/lang/Object; @ 152
Event: 10.572 Thread 0x0000000002552800 Uncommon trap: reason=class_check action=maybe_recompile pc=0x0000000002a082a8 method=java.util.concurrent.ConcurrentHashMap.putVal(Ljava/lang/Object;Ljava/lang/Object;Z)Ljava/lang/Object; @ 192

Classes redefined (0 events):
No events

Internal exceptions (10 events):
Event: 6.481 Thread 0x0000000002552800 Exception <a 'java/lang/ArrayIndexOutOfBoundsException': 86> (0x00000000d7af0460) thrown at [C:\src\AOSP-openjdk-git\hotspot\src\share\vm\interpreter\interpreterRuntime.cpp, line 368]
Event: 8.769 Thread 0x0000000002552800 Exception <a 'java/lang/NoSuchMethodError': java.lang.Object.lambda$static$0(I)[Lorg/jetbrains/kotlin/psi/KtExpression;> (0x00000000d5f52788) thrown at [C:\src\AOSP-openjdk-git\hotspot\src\share\vm\interpreter\linkResolver.cpp, line 620]
Event: 9.070 Thread 0x0000000002552800 Implicit null exception at 0x0000000002eff31e to 0x0000000002f00221
Event: 9.465 Thread 0x0000000002552800 Exception <a 'java/lang/NoSuchMethodError': java.lang.Object.lambda$static$0(I)[Lorg/jetbrains/kotlin/psi/KtDeclaration;> (0x00000000d6c4b670) thrown at [C:\src\AOSP-openjdk-git\hotspot\src\share\vm\interpreter\linkResolver.cpp, line 620]
Event: 10.077 Thread 0x0000000002552800 Exception <a 'java/lang/NoSuchMethodError': java.lang.Object.lambda$static$0(I)[Lorg/jetbrains/kotlin/psi/KtTypeElement;> (0x00000000d8545388) thrown at [C:\src\AOSP-openjdk-git\hotspot\src\share\vm\interpreter\linkResolver.cpp, line 620]
Event: 10.233 Thread 0x0000000002552800 Exception <a 'java/lang/NoSuchMethodError': java.lang.Object.lambda$static$0(I)[Lorg/jetbrains/kotlin/com/intellij/psi/PsiClass;> (0x00000000d8a5dcd8) thrown at [C:\src\AOSP-openjdk-git\hotspot\src\share\vm\interpreter\linkResolver.cpp, line 620]
Event: 10.827 Thread 0x0000000002552800 Exception <a 'java/lang/NoSuchMethodError': java.lang.Object.lambda$static$0(I)[Lorg/jetbrains/kotlin/com/intellij/psi/PsiReference;> (0x00000000d606dcc0) thrown at [C:\src\AOSP-openjdk-git\hotspot\src\share\vm\interpreter\linkResolver.cpp, line 620]
Event: 10.841 Thread 0x0000000002552800 Exception <a 'java/lang/NoSuchMethodError': java.lang.Object.lambda$static$0(I)[Lorg/jetbrains/kotlin/com/intellij/psi/PsiTypeElement;> (0x00000000d60a57d8) thrown at [C:\src\AOSP-openjdk-git\hotspot\src\share\vm\interpreter\linkResolver.cpp, line 620]
Event: 10.866 Thread 0x0000000002552800 Exception <a 'java/lang/NoSuchMethodError': java.lang.Object.lambda$static$0(I)[Lorg/jetbrains/kotlin/com/intellij/psi/PsiTypeParameter;> (0x00000000d6126360) thrown at [C:\src\AOSP-openjdk-git\hotspot\src\share\vm\interpreter\linkResolver.cpp, line 620]
Event: 10.971 Thread 0x0000000002552800 Exception <a 'java/lang/NoSuchMethodError': java.lang.Object.lambda$static$0()Lorg/jetbrains/kotlin/com/intellij/psi/PsiSubstitutor;> (0x00000000d621d420) thrown at [C:\src\AOSP-openjdk-git\hotspot\src\share\vm\interpreter\linkResolver.cpp, line 620]

Events (10 events):
Event: 10.967 loading class org/jetbrains/kotlin/com/intellij/psi/infos/CandidateInfo done
Event: 10.971 loading class org/jetbrains/kotlin/com/intellij/psi/PsiSubstitutor
Event: 10.971 loading class org/jetbrains/kotlin/com/intellij/psi/PsiSubstitutor done
Event: 10.971 loading class org/jetbrains/kotlin/com/intellij/psi/PsiSubstitutor
Event: 10.971 loading class org/jetbrains/kotlin/com/intellij/psi/PsiSubstitutor done
Event: 10.971 loading class org/jetbrains/kotlin/com/intellij/openapi/util/Factory
Event: 10.971 loading class org/jetbrains/kotlin/com/intellij/openapi/util/Factory done
Event: 10.972 loading class org/jetbrains/kotlin/com/intellij/openapi/util/KeyWithDefaultValue$2
Event: 10.972 loading class org/jetbrains/kotlin/com/intellij/openapi/util/KeyWithDefaultValue$2 done
Event: 10.973 Executing VM operation: Deoptimize


Dynamic libraries:
0x00007ff7a0dd0000 - 0x00007ff7a0e01000 	C:\Program Files\Android\Android Studio\jre\jre\bin\java.exe
0x00007ffd19790000 - 0x00007ffd19985000 	C:\WINDOWS\SYSTEM32\ntdll.dll
0x00007ffd18ae0000 - 0x00007ffd18b9d000 	C:\WINDOWS\System32\KERNEL32.DLL
0x00007ffd172e0000 - 0x00007ffd175a7000 	C:\WINDOWS\System32\KERNELBASE.dll
0x00007ffd193e0000 - 0x00007ffd1948a000 	C:\WINDOWS\System32\ADVAPI32.dll
0x00007ffd188e0000 - 0x00007ffd1897e000 	C:\WINDOWS\System32\msvcrt.dll
0x00007ffd18840000 - 0x00007ffd188db000 	C:\WINDOWS\System32\sechost.dll
0x00007ffd189b0000 - 0x00007ffd18ad4000 	C:\WINDOWS\System32\RPCRT4.dll
0x00007ffd18380000 - 0x00007ffd18520000 	C:\WINDOWS\System32\USER32.dll
0x00007ffd172b0000 - 0x00007ffd172d2000 	C:\WINDOWS\System32\win32u.dll
0x00007ffd18980000 - 0x00007ffd189aa000 	C:\WINDOWS\System32\GDI32.dll
0x00007ffd175b0000 - 0x00007ffd176b9000 	C:\WINDOWS\System32\gdi32full.dll
0x00007ffd171c0000 - 0x00007ffd1725d000 	C:\WINDOWS\System32\msvcp_win.dll
0x00007ffd176c0000 - 0x00007ffd177c0000 	C:\WINDOWS\System32\ucrtbase.dll
0x00007ffd0acf0000 - 0x00007ffd0af8b000 	C:\WINDOWS\WinSxS\amd64_microsoft.windows.common-controls_6595b64144ccf1df_6.0.19041.488_none_ca04af081b815d21\COMCTL32.dll
0x00007ffd18810000 - 0x00007ffd18840000 	C:\WINDOWS\System32\IMM32.DLL
0x000000005a320000 - 0x000000005a3f2000 	C:\Program Files\Android\Android Studio\jre\jre\bin\msvcr100.dll
0x000000005a4e0000 - 0x000000005ad2b000 	C:\Program Files\Android\Android Studio\jre\jre\bin\server\jvm.dll
0x00007ffd18c80000 - 0x00007ffd18c88000 	C:\WINDOWS\System32\PSAPI.DLL
0x00007ffd0d800000 - 0x00007ffd0d827000 	C:\WINDOWS\SYSTEM32\WINMM.dll
0x00007ffd10bb0000 - 0x00007ffd10bba000 	C:\WINDOWS\SYSTEM32\VERSION.dll
0x00007ffd099e0000 - 0x00007ffd099e9000 	C:\WINDOWS\SYSTEM32\WSOCK32.dll
0x00007ffd195a0000 - 0x00007ffd1960b000 	C:\WINDOWS\System32\WS2_32.dll
0x00007ffd12890000 - 0x00007ffd1289f000 	C:\Program Files\Android\Android Studio\jre\jre\bin\verify.dll
0x00007ffd11c80000 - 0x00007ffd11ca9000 	C:\Program Files\Android\Android Studio\jre\jre\bin\java.dll
0x00007ffd12870000 - 0x00007ffd12886000 	C:\Program Files\Android\Android Studio\jre\jre\bin\zip.dll
0x00007ffd18c90000 - 0x00007ffd193d1000 	C:\WINDOWS\System32\SHELL32.dll
0x00007ffd14d20000 - 0x00007ffd154b3000 	C:\WINDOWS\SYSTEM32\windows.storage.dll
0x00007ffd178e0000 - 0x00007ffd17c35000 	C:\WINDOWS\System32\combase.dll
0x00007ffd16870000 - 0x00007ffd1689c000 	C:\WINDOWS\SYSTEM32\Wldp.dll
0x00007ffd19490000 - 0x00007ffd1953e000 	C:\WINDOWS\System32\SHCORE.dll
0x00007ffd17d00000 - 0x00007ffd17d55000 	C:\WINDOWS\System32\shlwapi.dll
0x00007ffd16e00000 - 0x00007ffd16e26000 	C:\WINDOWS\SYSTEM32\profapi.dll
0x00007ffd11150000 - 0x00007ffd1116a000 	C:\Program Files\Android\Android Studio\jre\jre\bin\net.dll
0x00007ffd165f0000 - 0x00007ffd1665a000 	C:\WINDOWS\system32\mswsock.dll
0x00007ffd0ff20000 - 0x00007ffd0ff33000 	C:\Program Files\Android\Android Studio\jre\jre\bin\nio.dll

VM Arguments:
java_command: org.jetbrains.kotlin.cli.jvm.K2JVMCompiler @C:\Users\Aagam Shah\AndroidStudioProjects\CourseSwapBPHC\app\build\20200929_2197438799974879310.compiler.options
java_class_path (initial): C:\Users\Aagam Shah\.gradle\caches\modules-2\files-2.1\org.jetbrains.kotlin\kotlin-compiler-embeddable\1.4.10\38c4b99d5d5362debdd9302a866730379aa2328a\kotlin-compiler-embeddable-1.4.10.jar;C:\Users\Aagam Shah\.gradle\caches\modules-2\files-2.1\org.jetbrains.kotlin\kotlin-reflect\1.4.10\e2b3c6695eee6085e606d96d685396dce23a3a06\kotlin-reflect-1.4.10.jar;C:\Users\Aagam Shah\.gradle\caches\modules-2\files-2.1\org.jetbrains.kotlin\kotlin-stdlib\1.4.10\ea29e063d2bbe695be13e9d044dcfb0c7add398e\kotlin-stdlib-1.4.10.jar;C:\Users\Aagam Shah\.gradle\caches\modules-2\files-2.1\org.jetbrains.kotlin\kotlin-script-runtime\1.4.10\7c19d9c2001e016cd7664cebe9eea66fc04a7f4f\kotlin-script-runtime-1.4.10.jar;C:\Users\Aagam Shah\.gradle\caches\modules-2\files-2.1\org.jetbrains.kotlin\kotlin-daemon-embeddable\1.4.10\dbd67f42bed28043d17d7c860b06110a00a45970\kotlin-daemon-embeddable-1.4.10.jar;C:\Users\Aagam Shah\.gradle\caches\modules-2\files-2.1\org.jetbrains.intellij.deps\trove4j\1.0.20181211\216c2e14b070f334479d800987affe4054cd563f\trove4j-1.0.20181211.jar;C:\Users\Aagam Shah\.gradle\caches\modules-2\files-2.1\org.jetbrains.kotlin\kotlin-stdlib-common\1.4.10\6229be3465805c99db1142ad75e6c6ddeac0b04c\kotlin-stdlib-common-1.4.10.jar;C:\Users\Aagam Shah\.gradle\caches\modules-2\files-2.1\org.jetbrains\annotations\13.0\919f0dfe192fb4e063e7dacadee7f8bb9a2672a9\annotations-13.0.jar;C:\Program Files\Android\Android Studio\jre\lib\tools.jar
Launcher Type: SUN_STANDARD

Environment Variables:
PATH=C:\ProgramData\Anaconda3;C:\ProgramData\Anaconda3\Library\mingw-w64\bin;C:\ProgramData\Anaconda3\Library\usr\bin;C:\ProgramData\Anaconda3\Library\bin;C:\ProgramData\Anaconda3\Scripts;C:\WINDOWS\system32;C:\WINDOWS;C:\WINDOWS\System32\Wbem;C:\WINDOWS\System32\WindowsPowerShell\v1.0\;C:\WINDOWS\System32\OpenSSH\;C:\Program Files\Java\jdk-14.0.2\bin;C:\Android;C:\Windows\System32;C:\ProgramData\chocolatey\bin;C:\xampp\php;C:\ProgramData\ComposerSetup\bin;C:\Program Files (x86)\Intel\Intel(R) Management Engine Components\DAL;C:\Program Files\Intel\Intel(R) Management Engine Components\DAL;C:\Program Files\dotnet\;C:\Program Files\Git\cmd;C:\MinGW\bin;C:\Program Files\nodejs\;C:\Flutter_sdk\flutter\bin;C:\Users\Aagam Shah\AppData\Roaming\Composer\vendor\bin;C:\Users\Aagam Shah\AppData\Local\Microsoft\WindowsApps;C:\Users\Aagam Shah\AppData\Local\Programs\Microsoft VS Code\bin;C:\Users\Aagam Shah\.dotnet\tools;C:\Program Files\heroku\bin;C:\Users\Aagam Shah\AppData\Roaming\npm
USERNAME=Aagam Shah
OS=Windows_NT
PROCESSOR_IDENTIFIER=Intel64 Family 6 Model 142 Stepping 10, GenuineIntel



---------------  S Y S T E M  ---------------

OS: Windows 10.0 , 64 bit Build 19041 (10.0.19041.292)

CPU:total 8 (initial active 8) (4 cores per cpu, 2 threads per core) family 6 model 142 stepping 10, cmov, cx8, fxsr, mmx, sse, sse2, sse3, ssse3, sse4.1, sse4.2, popcnt, avx, avx2, aes, clmul, erms, 3dnowpref, lzcnt, ht, tsc, tscinvbit, bmi1, bmi2, adx

Memory: 4k page, physical 8286600k(359320k free), swap 12480904k(5340k free)

vm_info: OpenJDK 64-Bit Server VM (25.242-b01) for windows-amd64 JRE (1.8.0_242-release-1644-b01), built by "builder" with MS VC++ 10.0 (VS2010)

time: Tue Sep 29 10:13:46 2020
timezone: India Standard Time
elapsed time: 10 seconds (0d 0h 0m 10s)

